[2021-02-04 02:28:09] local.ERROR: View [login] not found. {"exception":"[object] (InvalidArgumentException(code: 0): View [login] not found. at C:\\Users\\CAMILO BORRERO\\Documents\\Proyectos\\proyectos_pruebas\\proyectoLaravel\\vendor\\laravel\\framework\\src\\Illuminate\\View\\FileViewFinder.php:137)
[stacktrace]
#0 C:\\Users\\CAMILO BORRERO\\Documents\\Proyectos\\proyectos_pruebas\\proyectoLaravel\\vendor\\laravel\\framework\\src\\Illuminate\\View\\FileViewFinder.php(79): Illuminate\\View\\FileViewFinder->findInPaths()
#1 C:\\Users\\CAMILO BORRERO\\Documents\\Proyectos\\proyectos_pruebas\\proyectoLaravel\\vendor\\laravel\\framework\\src\\Illuminate\\View\\Factory.php(138): Illuminate\\View\\FileViewFinder->find()
#2 C:\\Users\\CAMILO BORRERO\\Documents\\Proyectos\\proyectos_pruebas\\proyectoLaravel\\vendor\\laravel\\framework\\src\\Illuminate\\Foundation\\helpers.php(901): Illuminate\\View\\Factory->make()
#3 C:\\Users\\CAMILO BORRERO\\Documents\\Proyectos\\proyectos_pruebas\\proyectoLaravel\outes\\web.php(17): view()
#4 C:\\Users\\CAMILO BORRERO\\Documents\\Proyectos\\proyectos_pruebas\\proyectoLaravel\\vendor\\laravel\\framework\\src\\Illuminate\\Routing\\Route.php(230): Illuminate\\Routing\\RouteFileRegistrar->{closure}()
#5 C:\\Users\\CAMILO BORRERO\\Documents\\Proyectos\\proyectos_pruebas\\proyectoLaravel\\vendor\\laravel\\framework\\src\\Illuminate\\Routing\\Route.php(200): Illuminate\\Routing\\Route->runCallable()
#6 C:\\Users\\CAMILO BORRERO\\Documents\\Proyectos\\proyectos_pruebas\\proyectoLaravel\\vendor\\laravel\\framework\\src\\Illuminate\\Routing\\Router.php(693): Illuminate\\Routing\\Route->run()
#7 C:\\Users\\CAMILO BORRERO\\Documents\\Proyectos\\proyectos_pruebas\\proyectoLaravel\\vendor\\laravel\\framework\\src\\Illuminate\\Pipeline\\Pipeline.php(128): Illuminate\\Routing\\Router->Illuminate\\Routing\\{closure}()
#8 C:\\Users\\CAMILO BORRERO\\Documents\\Proyectos\\proyectos_pruebas\\proyectoLaravel\\vendor\\laravel\\framework\\src\\Illuminate\\Routing\\Middleware\\SubstituteBindings.php(50): Illuminate\\Pipeline\\Pipeline->Illuminate\\Pipeline\\{closure}()
#9 C:\\Users\\CAMILO BORRERO\\Documents\\Proyectos\\proyectos_pruebas\\proyectoLaravel\\vendor\\laravel\\framework\\src\\Illuminate\\Pipeline\\Pipeline.php(167): Illuminate\\Routing\\Middleware\\SubstituteBindings->handle()
#10 C:\\Users\\CAMILO BORRERO\\Documents\\Proyectos\\proyectos_pruebas\\proyectoLaravel\\vendor\\laravel\\framework\\src\\Illuminate\\Foundation\\Http\\Middleware\\VerifyCsrfToken.php(78): Illuminate\\Pipeline\\Pipeline->Illuminate\\Pipeline\\{closure}()
#11 C:\\Users\\CAMILO BORRERO\\Documents\\Proyectos\\proyectos_pruebas\\proyectoLaravel\\vendor\\laravel\\framework\\src\\Illuminate\\Pipeline\\Pipeline.php(167): Illuminate\\Foundation\\Http\\Middleware\\VerifyCsrfToken->handle()
#12 C:\\Users\\CAMILO BORRERO\\Documents\\Proyectos\\proyectos_pruebas\\proyectoLaravel\\vendor\\laravel\\framework\\src\\Illuminate\\View\\Middleware\\ShareErrorsFromSession.php(49): Illuminate\\Pipeline\\Pipeline->Illuminate\\Pipeline\\{closure}()
#13 C:\\Users\\CAMILO BORRERO\\Documents\\Proyectos\\proyectos_pruebas\\proyectoLaravel\\vendor\\laravel\\framework\\src\\Illuminate\\Pipeline\\Pipeline.php(167): Illuminate\\View\\Middleware\\ShareErrorsFromSession->handle()
#14 C:\\Users\\CAMILO BORRERO\\Documents\\Proyectos\\proyectos_pruebas\\proyectoLaravel\\vendor\\laravel\\framework\\src\\Illuminate\\Session\\Middleware\\StartSession.php(121): Illuminate\\Pipeline\\Pipeline->Illuminate\\Pipeline\\{closure}()
#15 C:\\Users\\CAMILO BORRERO\\Documents\\Proyectos\\proyectos_pruebas\\proyectoLaravel\\vendor\\laravel\\framework\\src\\Illuminate\\Session\\Middleware\\StartSession.php(63): Illuminate\\Session\\Middleware\\StartSession->handleStatefulRequest()
#16 C:\\Users\\CAMILO BORRERO\\Documents\\Proyectos\\proyectos_pruebas\\proyectoLaravel\\vendor\\laravel\\framework\\src\\Illuminate\\Pipeline\\Pipeline.php(167): Illuminate\\Session\\Middleware\\StartSession->handle()
#17 C:\\Users\\CAMILO BORRERO\\Documents\\Proyectos\\proyectos_pruebas\\proyectoLaravel\\vendor\\laravel\\framework\\src\\Illuminate\\Cookie\\Middleware\\AddQueuedCookiesToResponse.php(37): Illuminate\\Pipeline\\Pipeline->Illuminate\\Pipeline\\{closure}()
#18 C:\\Users\\CAMILO BORRERO\\Documents\\Proyectos\\proyectos_pruebas\\proyectoLaravel\\vendor\\laravel\\framework\\src\\Illuminate\\Pipeline\\Pipeline.php(167): Illuminate\\Cookie\\Middleware\\AddQueuedCookiesToResponse->handle()
#19 C:\\Users\\CAMILO BORRERO\\Documents\\Proyectos\\proyectos_pruebas\\proyectoLaravel\\vendor\\laravel\\framework\\src\\Illuminate\\Cookie\\Middleware\\EncryptCookies.php(67): Illuminate\\Pipeline\\Pipeline->Illuminate\\Pipeline\\{closure}()
#20 C:\\Users\\CAMILO BORRERO\\Documents\\Proyectos\\proyectos_pruebas\\proyectoLaravel\\vendor\\laravel\\framework\\src\\Illuminate\\Pipeline\\Pipeline.php(167): Illuminate\\Cookie\\Middleware\\EncryptCookies->handle()
#21 C:\\Users\\CAMILO BORRERO\\Documents\\Proyectos\\proyectos_pruebas\\proyectoLaravel\\vendor\\laravel\\framework\\src\\Illuminate\\Pipeline\\Pipeline.php(103): Illuminate\\Pipeline\\Pipeline->Illuminate\\Pipeline\\{closure}()
#22 C:\\Users\\CAMILO BORRERO\\Documents\\Proyectos\\proyectos_pruebas\\proyectoLaravel\\vendor\\laravel\\framework\\src\\Illuminate\\Routing\\Router.php(695): Illuminate\\Pipeline\\Pipeline->then()
#23 C:\\Users\\CAMILO BORRERO\\Documents\\Proyectos\\proyectos_pruebas\\proyectoLaravel\\vendor\\laravel\\framework\\src\\Illuminate\\Routing\\Router.php(670): Illuminate\\Routing\\Router->runRouteWithinStack()
#24 C:\\Users\\CAMILO BORRERO\\Documents\\Proyectos\\proyectos_pruebas\\proyectoLaravel\\vendor\\laravel\\framework\\src\\Illuminate\\Routing\\Router.php(636): Illuminate\\Routing\\Router->runRoute()
#25 C:\\Users\\CAMILO BORRERO\\Documents\\Proyectos\\proyectos_pruebas\\proyectoLaravel\\vendor\\laravel\\framework\\src\\Illuminate\\Routing\\Router.php(625): Illuminate\\Routing\\Router->dispatchToRoute()
#26 C:\\Users\\CAMILO BORRERO\\Documents\\Proyectos\\proyectos_pruebas\\proyectoLaravel\\vendor\\laravel\\framework\\src\\Illuminate\\Foundation\\Http\\Kernel.php(166): Illuminate\\Routing\\Router->dispatch()
#27 C:\\Users\\CAMILO BORRERO\\Documents\\Proyectos\\proyectos_pruebas\\proyectoLaravel\\vendor\\laravel\\framework\\src\\Illuminate\\Pipeline\\Pipeline.php(128): Illuminate\\Foundation\\Http\\Kernel->Illuminate\\Foundation\\Http\\{closure}()
#28 C:\\Users\\CAMILO BORRERO\\Documents\\Proyectos\\proyectos_pruebas\\proyectoLaravel\\vendor\\laravel\\framework\\src\\Illuminate\\Foundation\\Http\\Middleware\\TransformsRequest.php(21): Illuminate\\Pipeline\\Pipeline->Illuminate\\Pipeline\\{closure}()
#29 C:\\Users\\CAMILO BORRERO\\Documents\\Proyectos\\proyectos_pruebas\\proyectoLaravel\\vendor\\laravel\\framework\\src\\Illuminate\\Pipeline\\Pipeline.php(167): Illuminate\\Foundation\\Http\\Middleware\\TransformsRequest->handle()
#30 C:\\Users\\CAMILO BORRERO\\Documents\\Proyectos\\proyectos_pruebas\\proyectoLaravel\\vendor\\laravel\\framework\\src\\Illuminate\\Foundation\\Http\\Middleware\\TransformsRequest.php(21): Illuminate\\Pipeline\\Pipeline->Illuminate\\Pipeline\\{closure}()
#31 C:\\Users\\CAMILO BORRERO\\Documents\\Proyectos\\proyectos_pruebas\\proyectoLaravel\\vendor\\laravel\\framework\\src\\Illuminate\\Pipeline\\Pipeline.php(167): Illuminate\\Foundation\\Http\\Middleware\\TransformsRequest->handle()
#32 C:\\Users\\CAMILO BORRERO\\Documents\\Proyectos\\proyectos_pruebas\\proyectoLaravel\\vendor\\laravel\\framework\\src\\Illuminate\\Foundation\\Http\\Middleware\\ValidatePostSize.php(27): Illuminate\\Pipeline\\Pipeline->Illuminate\\Pipeline\\{closure}()
#33 C:\\Users\\CAMILO BORRERO\\Documents\\Proyectos\\proyectos_pruebas\\proyectoLaravel\\vendor\\laravel\\framework\\src\\Illuminate\\Pipeline\\Pipeline.php(167): Illuminate\\Foundation\\Http\\Middleware\\ValidatePostSize->handle()
#34 C:\\Users\\CAMILO BORRERO\\Documents\\Proyectos\\proyectos_pruebas\\proyectoLaravel\\vendor\\laravel\\framework\\src\\Illuminate\\Foundation\\Http\\Middleware\\PreventRequestsDuringMaintenance.php(86): Illuminate\\Pipeline\\Pipeline->Illuminate\\Pipeline\\{closure}()
#35 C:\\Users\\CAMILO BORRERO\\Documents\\Proyectos\\proyectos_pruebas\\proyectoLaravel\\vendor\\laravel\\framework\\src\\Illuminate\\Pipeline\\Pipeline.php(167): Illuminate\\Foundation\\Http\\Middleware\\PreventRequestsDuringMaintenance->handle()
#36 C:\\Users\\CAMILO BORRERO\\Documents\\Proyectos\\proyectos_pruebas\\proyectoLaravel\\vendor\\fruitcake\\laravel-cors\\src\\HandleCors.php(37): Illuminate\\Pipeline\\Pipeline->Illuminate\\Pipeline\\{closure}()
#37 C:\\Users\\CAMILO BORRERO\\Documents\\Proyectos\\proyectos_pruebas\\proyectoLaravel\\vendor\\laravel\\framework\\src\\Illuminate\\Pipeline\\Pipeline.php(167): Fruitcake\\Cors\\HandleCors->handle()
#38 C:\\Users\\CAMILO BORRERO\\Documents\\Proyectos\\proyectos_pruebas\\proyectoLaravel\\vendor\\fideloper\\proxy\\src\\TrustProxies.php(57): Illuminate\\Pipeline\\Pipeline->Illuminate\\Pipeline\\{closure}()
#39 C:\\Users\\CAMILO BORRERO\\Documents\\Proyectos\\proyectos_pruebas\\proyectoLaravel\\vendor\\laravel\\framework\\src\\Illuminate\\Pipeline\\Pipeline.php(167): Fideloper\\Proxy\\TrustProxies->handle()
#40 C:\\Users\\CAMILO BORRERO\\Documents\\Proyectos\\proyectos_pruebas\\proyectoLaravel\\vendor\\laravel\\framework\\src\\Illuminate\\Pipeline\\Pipeline.php(103): Illuminate\\Pipeline\\Pipeline->Illuminate\\Pipeline\\{closure}()
#41 C:\\Users\\CAMILO BORRERO\\Documents\\Proyectos\\proyectos_pruebas\\proyectoLaravel\\vendor\\laravel\\framework\\src\\Illuminate\\Foundation\\Http\\Kernel.php(141): Illuminate\\Pipeline\\Pipeline->then()
#42 C:\\Users\\CAMILO BORRERO\\Documents\\Proyectos\\proyectos_pruebas\\proyectoLaravel\\vendor\\laravel\\framework\\src\\Illuminate\\Foundation\\Http\\Kernel.php(110): Illuminate\\Foundation\\Http\\Kernel->sendRequestThroughRouter()
#43 C:\\Users\\CAMILO BORRERO\\Documents\\Proyectos\\proyectos_pruebas\\proyectoLaravel\\public\\index.php(52): Illuminate\\Foundation\\Http\\Kernel->handle()
#44 C:\\Users\\CAMILO BORRERO\\Documents\\Proyectos\\proyectos_pruebas\\proyectoLaravel\\server.php(21): require_once('C:\\\\Users\\\\CAMILO...')
#45 {main}
"} 
[2021-02-04 02:28:12] local.ERROR: View [login] not found. {"exception":"[object] (InvalidArgumentException(code: 0): View [login] not found. at C:\\Users\\CAMILO BORRERO\\Documents\\Proyectos\\proyectos_pruebas\\proyectoLaravel\\vendor\\laravel\\framework\\src\\Illuminate\\View\\FileViewFinder.php:137)
[stacktrace]
#0 C:\\Users\\CAMILO BORRERO\\Documents\\Proyectos\\proyectos_pruebas\\proyectoLaravel\\vendor\\laravel\\framework\\src\\Illuminate\\View\\FileViewFinder.php(79): Illuminate\\View\\FileViewFinder->findInPaths()
#1 C:\\Users\\CAMILO BORRERO\\Documents\\Proyectos\\proyectos_pruebas\\proyectoLaravel\\vendor\\laravel\\framework\\src\\Illuminate\\View\\Factory.php(138): Illuminate\\View\\FileViewFinder->find()
#2 C:\\Users\\CAMILO BORRERO\\Documents\\Proyectos\\proyectos_pruebas\\proyectoLaravel\\vendor\\laravel\\framework\\src\\Illuminate\\Foundation\\helpers.php(901): Illuminate\\View\\Factory->make()
#3 C:\\Users\\CAMILO BORRERO\\Documents\\Proyectos\\proyectos_pruebas\\proyectoLaravel\outes\\web.php(17): view()
#4 C:\\Users\\CAMILO BORRERO\\Documents\\Proyectos\\proyectos_pruebas\\proyectoLaravel\\vendor\\laravel\\framework\\src\\Illuminate\\Routing\\Route.php(230): Illuminate\\Routing\\RouteFileRegistrar->{closure}()
#5 C:\\Users\\CAMILO BORRERO\\Documents\\Proyectos\\proyectos_pruebas\\proyectoLaravel\\vendor\\laravel\\framework\\src\\Illuminate\\Routing\\Route.php(200): Illuminate\\Routing\\Route->runCallable()
#6 C:\\Users\\CAMILO BORRERO\\Documents\\Proyectos\\proyectos_pruebas\\proyectoLaravel\\vendor\\laravel\\framework\\src\\Illuminate\\Routing\\Router.php(693): Illuminate\\Routing\\Route->run()
#7 C:\\Users\\CAMILO BORRERO\\Documents\\Proyectos\\proyectos_pruebas\\proyectoLaravel\\vendor\\laravel\\framework\\src\\Illuminate\\Pipeline\\Pipeline.php(128): Illuminate\\Routing\\Router->Illuminate\\Routing\\{closure}()
#8 C:\\Users\\CAMILO BORRERO\\Documents\\Proyectos\\proyectos_pruebas\\proyectoLaravel\\vendor\\laravel\\framework\\src\\Illuminate\\Routing\\Middleware\\SubstituteBindings.php(50): Illuminate\\Pipeline\\Pipeline->Illuminate\\Pipeline\\{closure}()
#9 C:\\Users\\CAMILO BORRERO\\Documents\\Proyectos\\proyectos_pruebas\\proyectoLaravel\\vendor\\laravel\\framework\\src\\Illuminate\\Pipeline\\Pipeline.php(167): Illuminate\\Routing\\Middleware\\SubstituteBindings->handle()
#10 C:\\Users\\CAMILO BORRERO\\Documents\\Proyectos\\proyectos_pruebas\\proyectoLaravel\\vendor\\laravel\\framework\\src\\Illuminate\\Foundation\\Http\\Middleware\\VerifyCsrfToken.php(78): Illuminate\\Pipeline\\Pipeline->Illuminate\\Pipeline\\{closure}()
#11 C:\\Users\\CAMILO BORRERO\\Documents\\Proyectos\\proyectos_pruebas\\proyectoLaravel\\vendor\\laravel\\framework\\src\\Illuminate\\Pipeline\\Pipeline.php(167): Illuminate\\Foundation\\Http\\Middleware\\VerifyCsrfToken->handle()
#12 C:\\Users\\CAMILO BORRERO\\Documents\\Proyectos\\proyectos_pruebas\\proyectoLaravel\\vendor\\laravel\\framework\\src\\Illuminate\\View\\Middleware\\ShareErrorsFromSession.php(49): Illuminate\\Pipeline\\Pipeline->Illuminate\\Pipeline\\{closure}()
#13 C:\\Users\\CAMILO BORRERO\\Documents\\Proyectos\\proyectos_pruebas\\proyectoLaravel\\vendor\\laravel\\framework\\src\\Illuminate\\Pipeline\\Pipeline.php(167): Illuminate\\View\\Middleware\\ShareErrorsFromSession->handle()
#14 C:\\Users\\CAMILO BORRERO\\Documents\\Proyectos\\proyectos_pruebas\\proyectoLaravel\\vendor\\laravel\\framework\\src\\Illuminate\\Session\\Middleware\\StartSession.php(121): Illuminate\\Pipeline\\Pipeline->Illuminate\\Pipeline\\{closure}()
#15 C:\\Users\\CAMILO BORRERO\\Documents\\Proyectos\\proyectos_pruebas\\proyectoLaravel\\vendor\\laravel\\framework\\src\\Illuminate\\Session\\Middleware\\StartSession.php(63): Illuminate\\Session\\Middleware\\StartSession->handleStatefulRequest()
#16 C:\\Users\\CAMILO BORRERO\\Documents\\Proyectos\\proyectos_pruebas\\proyectoLaravel\\vendor\\laravel\\framework\\src\\Illuminate\\Pipeline\\Pipeline.php(167): Illuminate\\Session\\Middleware\\StartSession->handle()
#17 C:\\Users\\CAMILO BORRERO\\Documents\\Proyectos\\proyectos_pruebas\\proyectoLaravel\\vendor\\laravel\\framework\\src\\Illuminate\\Cookie\\Middleware\\AddQueuedCookiesToResponse.php(37): Illuminate\\Pipeline\\Pipeline->Illuminate\\Pipeline\\{closure}()
#18 C:\\Users\\CAMILO BORRERO\\Documents\\Proyectos\\proyectos_pruebas\\proyectoLaravel\\vendor\\laravel\\framework\\src\\Illuminate\\Pipeline\\Pipeline.php(167): Illuminate\\Cookie\\Middleware\\AddQueuedCookiesToResponse->handle()
#19 C:\\Users\\CAMILO BORRERO\\Documents\\Proyectos\\proyectos_pruebas\\proyectoLaravel\\vendor\\laravel\\framework\\src\\Illuminate\\Cookie\\Middleware\\EncryptCookies.php(67): Illuminate\\Pipeline\\Pipeline->Illuminate\\Pipeline\\{closure}()
#20 C:\\Users\\CAMILO BORRERO\\Documents\\Proyectos\\proyectos_pruebas\\proyectoLaravel\\vendor\\laravel\\framework\\src\\Illuminate\\Pipeline\\Pipeline.php(167): Illuminate\\Cookie\\Middleware\\EncryptCookies->handle()
#21 C:\\Users\\CAMILO BORRERO\\Documents\\Proyectos\\proyectos_pruebas\\proyectoLaravel\\vendor\\laravel\\framework\\src\\Illuminate\\Pipeline\\Pipeline.php(103): Illuminate\\Pipeline\\Pipeline->Illuminate\\Pipeline\\{closure}()
#22 C:\\Users\\CAMILO BORRERO\\Documents\\Proyectos\\proyectos_pruebas\\proyectoLaravel\\vendor\\laravel\\framework\\src\\Illuminate\\Routing\\Router.php(695): Illuminate\\Pipeline\\Pipeline->then()
#23 C:\\Users\\CAMILO BORRERO\\Documents\\Proyectos\\proyectos_pruebas\\proyectoLaravel\\vendor\\laravel\\framework\\src\\Illuminate\\Routing\\Router.php(670): Illuminate\\Routing\\Router->runRouteWithinStack()
#24 C:\\Users\\CAMILO BORRERO\\Documents\\Proyectos\\proyectos_pruebas\\proyectoLaravel\\vendor\\laravel\\framework\\src\\Illuminate\\Routing\\Router.php(636): Illuminate\\Routing\\Router->runRoute()
#25 C:\\Users\\CAMILO BORRERO\\Documents\\Proyectos\\proyectos_pruebas\\proyectoLaravel\\vendor\\laravel\\framework\\src\\Illuminate\\Routing\\Router.php(625): Illuminate\\Routing\\Router->dispatchToRoute()
#26 C:\\Users\\CAMILO BORRERO\\Documents\\Proyectos\\proyectos_pruebas\\proyectoLaravel\\vendor\\laravel\\framework\\src\\Illuminate\\Foundation\\Http\\Kernel.php(166): Illuminate\\Routing\\Router->dispatch()
#27 C:\\Users\\CAMILO BORRERO\\Documents\\Proyectos\\proyectos_pruebas\\proyectoLaravel\\vendor\\laravel\\framework\\src\\Illuminate\\Pipeline\\Pipeline.php(128): Illuminate\\Foundation\\Http\\Kernel->Illuminate\\Foundation\\Http\\{closure}()
#28 C:\\Users\\CAMILO BORRERO\\Documents\\Proyectos\\proyectos_pruebas\\proyectoLaravel\\vendor\\laravel\\framework\\src\\Illuminate\\Foundation\\Http\\Middleware\\TransformsRequest.php(21): Illuminate\\Pipeline\\Pipeline->Illuminate\\Pipeline\\{closure}()
#29 C:\\Users\\CAMILO BORRERO\\Documents\\Proyectos\\proyectos_pruebas\\proyectoLaravel\\vendor\\laravel\\framework\\src\\Illuminate\\Pipeline\\Pipeline.php(167): Illuminate\\Foundation\\Http\\Middleware\\TransformsRequest->handle()
#30 C:\\Users\\CAMILO BORRERO\\Documents\\Proyectos\\proyectos_pruebas\\proyectoLaravel\\vendor\\laravel\\framework\\src\\Illuminate\\Foundation\\Http\\Middleware\\TransformsRequest.php(21): Illuminate\\Pipeline\\Pipeline->Illuminate\\Pipeline\\{closure}()
#31 C:\\Users\\CAMILO BORRERO\\Documents\\Proyectos\\proyectos_pruebas\\proyectoLaravel\\vendor\\laravel\\framework\\src\\Illuminate\\Pipeline\\Pipeline.php(167): Illuminate\\Foundation\\Http\\Middleware\\TransformsRequest->handle()
#32 C:\\Users\\CAMILO BORRERO\\Documents\\Proyectos\\proyectos_pruebas\\proyectoLaravel\\vendor\\laravel\\framework\\src\\Illuminate\\Foundation\\Http\\Middleware\\ValidatePostSize.php(27): Illuminate\\Pipeline\\Pipeline->Illuminate\\Pipeline\\{closure}()
#33 C:\\Users\\CAMILO BORRERO\\Documents\\Proyectos\\proyectos_pruebas\\proyectoLaravel\\vendor\\laravel\\framework\\src\\Illuminate\\Pipeline\\Pipeline.php(167): Illuminate\\Foundation\\Http\\Middleware\\ValidatePostSize->handle()
#34 C:\\Users\\CAMILO BORRERO\\Documents\\Proyectos\\proyectos_pruebas\\proyectoLaravel\\vendor\\laravel\\framework\\src\\Illuminate\\Foundation\\Http\\Middleware\\PreventRequestsDuringMaintenance.php(86): Illuminate\\Pipeline\\Pipeline->Illuminate\\Pipeline\\{closure}()
#35 C:\\Users\\CAMILO BORRERO\\Documents\\Proyectos\\proyectos_pruebas\\proyectoLaravel\\vendor\\laravel\\framework\\src\\Illuminate\\Pipeline\\Pipeline.php(167): Illuminate\\Foundation\\Http\\Middleware\\PreventRequestsDuringMaintenance->handle()
#36 C:\\Users\\CAMILO BORRERO\\Documents\\Proyectos\\proyectos_pruebas\\proyectoLaravel\\vendor\\fruitcake\\laravel-cors\\src\\HandleCors.php(37): Illuminate\\Pipeline\\Pipeline->Illuminate\\Pipeline\\{closure}()
#37 C:\\Users\\CAMILO BORRERO\\Documents\\Proyectos\\proyectos_pruebas\\proyectoLaravel\\vendor\\laravel\\framework\\src\\Illuminate\\Pipeline\\Pipeline.php(167): Fruitcake\\Cors\\HandleCors->handle()
#38 C:\\Users\\CAMILO BORRERO\\Documents\\Proyectos\\proyectos_pruebas\\proyectoLaravel\\vendor\\fideloper\\proxy\\src\\TrustProxies.php(57): Illuminate\\Pipeline\\Pipeline->Illuminate\\Pipeline\\{closure}()
#39 C:\\Users\\CAMILO BORRERO\\Documents\\Proyectos\\proyectos_pruebas\\proyectoLaravel\\vendor\\laravel\\framework\\src\\Illuminate\\Pipeline\\Pipeline.php(167): Fideloper\\Proxy\\TrustProxies->handle()
#40 C:\\Users\\CAMILO BORRERO\\Documents\\Proyectos\\proyectos_pruebas\\proyectoLaravel\\vendor\\laravel\\framework\\src\\Illuminate\\Pipeline\\Pipeline.php(103): Illuminate\\Pipeline\\Pipeline->Illuminate\\Pipeline\\{closure}()
#41 C:\\Users\\CAMILO BORRERO\\Documents\\Proyectos\\proyectos_pruebas\\proyectoLaravel\\vendor\\laravel\\framework\\src\\Illuminate\\Foundation\\Http\\Kernel.php(141): Illuminate\\Pipeline\\Pipeline->then()
#42 C:\\Users\\CAMILO BORRERO\\Documents\\Proyectos\\proyectos_pruebas\\proyectoLaravel\\vendor\\laravel\\framework\\src\\Illuminate\\Foundation\\Http\\Kernel.php(110): Illuminate\\Foundation\\Http\\Kernel->sendRequestThroughRouter()
#43 C:\\Users\\CAMILO BORRERO\\Documents\\Proyectos\\proyectos_pruebas\\proyectoLaravel\\public\\index.php(52): Illuminate\\Foundation\\Http\\Kernel->handle()
#44 C:\\Users\\CAMILO BORRERO\\Documents\\Proyectos\\proyectos_pruebas\\proyectoLaravel\\server.php(21): require_once('C:\\\\Users\\\\CAMILO...')
#45 {main}
"} 
[2021-02-04 02:29:23] local.ERROR: Trying to get property 'name' of non-object (View: C:\Users\CAMILO BORRERO\Documents\Proyectos\proyectos_pruebas\proyectoLaravel\resources\views\layouts\navigation.blade.php) {"exception":"[object] (Facade\\Ignition\\Exceptions\\ViewException(code: 0): Trying to get property 'name' of non-object (View: C:\\Users\\CAMILO BORRERO\\Documents\\Proyectos\\proyectos_pruebas\\proyectoLaravel\esources\\views\\layouts\
avigation.blade.php) at C:\\Users\\CAMILO BORRERO\\Documents\\Proyectos\\proyectos_pruebas\\proyectoLaravel\esources\\views/layouts/navigation.blade.php:26)
[stacktrace]
#0 C:\\Users\\CAMILO BORRERO\\Documents\\Proyectos\\proyectos_pruebas\\proyectoLaravel\esources\\views/layouts/navigation.blade.php(26): Illuminate\\Foundation\\Bootstrap\\HandleExceptions->handleError()
#1 C:\\Users\\CAMILO BORRERO\\Documents\\Proyectos\\proyectos_pruebas\\proyectoLaravel\\vendor\\laravel\\framework\\src\\Illuminate\\Filesystem\\Filesystem.php(107): require('C:\\\\Users\\\\CAMILO...')
#2 C:\\Users\\CAMILO BORRERO\\Documents\\Proyectos\\proyectos_pruebas\\proyectoLaravel\\vendor\\laravel\\framework\\src\\Illuminate\\Filesystem\\Filesystem.php(108): Illuminate\\Filesystem\\Filesystem::Illuminate\\Filesystem\\{closure}()
#3 C:\\Users\\CAMILO BORRERO\\Documents\\Proyectos\\proyectos_pruebas\\proyectoLaravel\\vendor\\laravel\\framework\\src\\Illuminate\\View\\Engines\\PhpEngine.php(58): Illuminate\\Filesystem\\Filesystem->getRequire()
#4 C:\\Users\\CAMILO BORRERO\\Documents\\Proyectos\\proyectos_pruebas\\proyectoLaravel\\vendor\\laravel\\framework\\src\\Illuminate\\View\\Engines\\CompilerEngine.php(61): Illuminate\\View\\Engines\\PhpEngine->evaluatePath()
#5 C:\\Users\\CAMILO BORRERO\\Documents\\Proyectos\\proyectos_pruebas\\proyectoLaravel\\vendor\\facade\\ignition\\src\\Views\\Engines\\CompilerEngine.php(37): Illuminate\\View\\Engines\\CompilerEngine->get()
#6 C:\\Users\\CAMILO BORRERO\\Documents\\Proyectos\\proyectos_pruebas\\proyectoLaravel\\vendor\\laravel\\framework\\src\\Illuminate\\View\\View.php(139): Facade\\Ignition\\Views\\Engines\\CompilerEngine->get()
#7 C:\\Users\\CAMILO BORRERO\\Documents\\Proyectos\\proyectos_pruebas\\proyectoLaravel\\vendor\\laravel\\framework\\src\\Illuminate\\View\\View.php(122): Illuminate\\View\\View->getContents()
#8 C:\\Users\\CAMILO BORRERO\\Documents\\Proyectos\\proyectos_pruebas\\proyectoLaravel\\vendor\\laravel\\framework\\src\\Illuminate\\View\\View.php(91): Illuminate\\View\\View->renderContents()
#9 C:\\Users\\CAMILO BORRERO\\Documents\\Proyectos\\proyectos_pruebas\\proyectoLaravel\esources\\views/layouts/app.blade.php(21): Illuminate\\View\\View->render()
#10 C:\\Users\\CAMILO BORRERO\\Documents\\Proyectos\\proyectos_pruebas\\proyectoLaravel\\vendor\\laravel\\framework\\src\\Illuminate\\Filesystem\\Filesystem.php(107): require('C:\\\\Users\\\\CAMILO...')
#11 C:\\Users\\CAMILO BORRERO\\Documents\\Proyectos\\proyectos_pruebas\\proyectoLaravel\\vendor\\laravel\\framework\\src\\Illuminate\\Filesystem\\Filesystem.php(108): Illuminate\\Filesystem\\Filesystem::Illuminate\\Filesystem\\{closure}()
#12 C:\\Users\\CAMILO BORRERO\\Documents\\Proyectos\\proyectos_pruebas\\proyectoLaravel\\vendor\\laravel\\framework\\src\\Illuminate\\View\\Engines\\PhpEngine.php(58): Illuminate\\Filesystem\\Filesystem->getRequire()
#13 C:\\Users\\CAMILO BORRERO\\Documents\\Proyectos\\proyectos_pruebas\\proyectoLaravel\\vendor\\laravel\\framework\\src\\Illuminate\\View\\Engines\\CompilerEngine.php(61): Illuminate\\View\\Engines\\PhpEngine->evaluatePath()
#14 C:\\Users\\CAMILO BORRERO\\Documents\\Proyectos\\proyectos_pruebas\\proyectoLaravel\\vendor\\facade\\ignition\\src\\Views\\Engines\\CompilerEngine.php(37): Illuminate\\View\\Engines\\CompilerEngine->get()
#15 C:\\Users\\CAMILO BORRERO\\Documents\\Proyectos\\proyectos_pruebas\\proyectoLaravel\\vendor\\laravel\\framework\\src\\Illuminate\\View\\View.php(139): Facade\\Ignition\\Views\\Engines\\CompilerEngine->get()
#16 C:\\Users\\CAMILO BORRERO\\Documents\\Proyectos\\proyectos_pruebas\\proyectoLaravel\\vendor\\laravel\\framework\\src\\Illuminate\\View\\View.php(122): Illuminate\\View\\View->getContents()
#17 C:\\Users\\CAMILO BORRERO\\Documents\\Proyectos\\proyectos_pruebas\\proyectoLaravel\\vendor\\laravel\\framework\\src\\Illuminate\\View\\View.php(91): Illuminate\\View\\View->renderContents()
#18 C:\\Users\\CAMILO BORRERO\\Documents\\Proyectos\\proyectos_pruebas\\proyectoLaravel\\vendor\\laravel\\framework\\src\\Illuminate\\View\\Concerns\\ManagesComponents.php(92): Illuminate\\View\\View->render()
#19 C:\\Users\\CAMILO BORRERO\\Documents\\Proyectos\\proyectos_pruebas\\proyectoLaravel\esources\\views/dashboard.blade.php(27): Illuminate\\View\\Factory->renderComponent()
#20 C:\\Users\\CAMILO BORRERO\\Documents\\Proyectos\\proyectos_pruebas\\proyectoLaravel\\vendor\\laravel\\framework\\src\\Illuminate\\Filesystem\\Filesystem.php(107): require('C:\\\\Users\\\\CAMILO...')
#21 C:\\Users\\CAMILO BORRERO\\Documents\\Proyectos\\proyectos_pruebas\\proyectoLaravel\\vendor\\laravel\\framework\\src\\Illuminate\\Filesystem\\Filesystem.php(108): Illuminate\\Filesystem\\Filesystem::Illuminate\\Filesystem\\{closure}()
#22 C:\\Users\\CAMILO BORRERO\\Documents\\Proyectos\\proyectos_pruebas\\proyectoLaravel\\vendor\\laravel\\framework\\src\\Illuminate\\View\\Engines\\PhpEngine.php(58): Illuminate\\Filesystem\\Filesystem->getRequire()
#23 C:\\Users\\CAMILO BORRERO\\Documents\\Proyectos\\proyectos_pruebas\\proyectoLaravel\\vendor\\laravel\\framework\\src\\Illuminate\\View\\Engines\\CompilerEngine.php(61): Illuminate\\View\\Engines\\PhpEngine->evaluatePath()
#24 C:\\Users\\CAMILO BORRERO\\Documents\\Proyectos\\proyectos_pruebas\\proyectoLaravel\\vendor\\facade\\ignition\\src\\Views\\Engines\\CompilerEngine.php(37): Illuminate\\View\\Engines\\CompilerEngine->get()
#25 C:\\Users\\CAMILO BORRERO\\Documents\\Proyectos\\proyectos_pruebas\\proyectoLaravel\\vendor\\laravel\\framework\\src\\Illuminate\\View\\View.php(139): Facade\\Ignition\\Views\\Engines\\CompilerEngine->get()
#26 C:\\Users\\CAMILO BORRERO\\Documents\\Proyectos\\proyectos_pruebas\\proyectoLaravel\\vendor\\laravel\\framework\\src\\Illuminate\\View\\View.php(122): Illuminate\\View\\View->getContents()
#27 C:\\Users\\CAMILO BORRERO\\Documents\\Proyectos\\proyectos_pruebas\\proyectoLaravel\\vendor\\laravel\\framework\\src\\Illuminate\\View\\View.php(91): Illuminate\\View\\View->renderContents()
#28 C:\\Users\\CAMILO BORRERO\\Documents\\Proyectos\\proyectos_pruebas\\proyectoLaravel\\vendor\\laravel\\framework\\src\\Illuminate\\Http\\Response.php(62): Illuminate\\View\\View->render()
#29 C:\\Users\\CAMILO BORRERO\\Documents\\Proyectos\\proyectos_pruebas\\proyectoLaravel\\vendor\\laravel\\framework\\src\\Illuminate\\Http\\Response.php(34): Illuminate\\Http\\Response->setContent()
#30 C:\\Users\\CAMILO BORRERO\\Documents\\Proyectos\\proyectos_pruebas\\proyectoLaravel\\vendor\\laravel\\framework\\src\\Illuminate\\Routing\\Router.php(783): Illuminate\\Http\\Response->__construct()
#31 C:\\Users\\CAMILO BORRERO\\Documents\\Proyectos\\proyectos_pruebas\\proyectoLaravel\\vendor\\laravel\\framework\\src\\Illuminate\\Routing\\Router.php(753): Illuminate\\Routing\\Router::toResponse()
#32 C:\\Users\\CAMILO BORRERO\\Documents\\Proyectos\\proyectos_pruebas\\proyectoLaravel\\vendor\\laravel\\framework\\src\\Illuminate\\Routing\\Router.php(693): Illuminate\\Routing\\Router->prepareResponse()
#33 C:\\Users\\CAMILO BORRERO\\Documents\\Proyectos\\proyectos_pruebas\\proyectoLaravel\\vendor\\laravel\\framework\\src\\Illuminate\\Pipeline\\Pipeline.php(128): Illuminate\\Routing\\Router->Illuminate\\Routing\\{closure}()
#34 C:\\Users\\CAMILO BORRERO\\Documents\\Proyectos\\proyectos_pruebas\\proyectoLaravel\\vendor\\laravel\\framework\\src\\Illuminate\\Routing\\Middleware\\SubstituteBindings.php(50): Illuminate\\Pipeline\\Pipeline->Illuminate\\Pipeline\\{closure}()
#35 C:\\Users\\CAMILO BORRERO\\Documents\\Proyectos\\proyectos_pruebas\\proyectoLaravel\\vendor\\laravel\\framework\\src\\Illuminate\\Pipeline\\Pipeline.php(167): Illuminate\\Routing\\Middleware\\SubstituteBindings->handle()
#36 C:\\Users\\CAMILO BORRERO\\Documents\\Proyectos\\proyectos_pruebas\\proyectoLaravel\\vendor\\laravel\\framework\\src\\Illuminate\\Foundation\\Http\\Middleware\\VerifyCsrfToken.php(78): Illuminate\\Pipeline\\Pipeline->Illuminate\\Pipeline\\{closure}()
#37 C:\\Users\\CAMILO BORRERO\\Documents\\Proyectos\\proyectos_pruebas\\proyectoLaravel\\vendor\\laravel\\framework\\src\\Illuminate\\Pipeline\\Pipeline.php(167): Illuminate\\Foundation\\Http\\Middleware\\VerifyCsrfToken->handle()
#38 C:\\Users\\CAMILO BORRERO\\Documents\\Proyectos\\proyectos_pruebas\\proyectoLaravel\\vendor\\laravel\\framework\\src\\Illuminate\\View\\Middleware\\ShareErrorsFromSession.php(49): Illuminate\\Pipeline\\Pipeline->Illuminate\\Pipeline\\{closure}()
#39 C:\\Users\\CAMILO BORRERO\\Documents\\Proyectos\\proyectos_pruebas\\proyectoLaravel\\vendor\\laravel\\framework\\src\\Illuminate\\Pipeline\\Pipeline.php(167): Illuminate\\View\\Middleware\\ShareErrorsFromSession->handle()
#40 C:\\Users\\CAMILO BORRERO\\Documents\\Proyectos\\proyectos_pruebas\\proyectoLaravel\\vendor\\laravel\\framework\\src\\Illuminate\\Session\\Middleware\\StartSession.php(121): Illuminate\\Pipeline\\Pipeline->Illuminate\\Pipeline\\{closure}()
#41 C:\\Users\\CAMILO BORRERO\\Documents\\Proyectos\\proyectos_pruebas\\proyectoLaravel\\vendor\\laravel\\framework\\src\\Illuminate\\Session\\Middleware\\StartSession.php(63): Illuminate\\Session\\Middleware\\StartSession->handleStatefulRequest()
#42 C:\\Users\\CAMILO BORRERO\\Documents\\Proyectos\\proyectos_pruebas\\proyectoLaravel\\vendor\\laravel\\framework\\src\\Illuminate\\Pipeline\\Pipeline.php(167): Illuminate\\Session\\Middleware\\StartSession->handle()
#43 C:\\Users\\CAMILO BORRERO\\Documents\\Proyectos\\proyectos_pruebas\\proyectoLaravel\\vendor\\laravel\\framework\\src\\Illuminate\\Cookie\\Middleware\\AddQueuedCookiesToResponse.php(37): Illuminate\\Pipeline\\Pipeline->Illuminate\\Pipeline\\{closure}()
#44 C:\\Users\\CAMILO BORRERO\\Documents\\Proyectos\\proyectos_pruebas\\proyectoLaravel\\vendor\\laravel\\framework\\src\\Illuminate\\Pipeline\\Pipeline.php(167): Illuminate\\Cookie\\Middleware\\AddQueuedCookiesToResponse->handle()
#45 C:\\Users\\CAMILO BORRERO\\Documents\\Proyectos\\proyectos_pruebas\\proyectoLaravel\\vendor\\laravel\\framework\\src\\Illuminate\\Cookie\\Middleware\\EncryptCookies.php(67): Illuminate\\Pipeline\\Pipeline->Illuminate\\Pipeline\\{closure}()
#46 C:\\Users\\CAMILO BORRERO\\Documents\\Proyectos\\proyectos_pruebas\\proyectoLaravel\\vendor\\laravel\\framework\\src\\Illuminate\\Pipeline\\Pipeline.php(167): Illuminate\\Cookie\\Middleware\\EncryptCookies->handle()
#47 C:\\Users\\CAMILO BORRERO\\Documents\\Proyectos\\proyectos_pruebas\\proyectoLaravel\\vendor\\laravel\\framework\\src\\Illuminate\\Pipeline\\Pipeline.php(103): Illuminate\\Pipeline\\Pipeline->Illuminate\\Pipeline\\{closure}()
#48 C:\\Users\\CAMILO BORRERO\\Documents\\Proyectos\\proyectos_pruebas\\proyectoLaravel\\vendor\\laravel\\framework\\src\\Illuminate\\Routing\\Router.php(695): Illuminate\\Pipeline\\Pipeline->then()
#49 C:\\Users\\CAMILO BORRERO\\Documents\\Proyectos\\proyectos_pruebas\\proyectoLaravel\\vendor\\laravel\\framework\\src\\Illuminate\\Routing\\Router.php(670): Illuminate\\Routing\\Router->runRouteWithinStack()
#50 C:\\Users\\CAMILO BORRERO\\Documents\\Proyectos\\proyectos_pruebas\\proyectoLaravel\\vendor\\laravel\\framework\\src\\Illuminate\\Routing\\Router.php(636): Illuminate\\Routing\\Router->runRoute()
#51 C:\\Users\\CAMILO BORRERO\\Documents\\Proyectos\\proyectos_pruebas\\proyectoLaravel\\vendor\\laravel\\framework\\src\\Illuminate\\Routing\\Router.php(625): Illuminate\\Routing\\Router->dispatchToRoute()
#52 C:\\Users\\CAMILO BORRERO\\Documents\\Proyectos\\proyectos_pruebas\\proyectoLaravel\\vendor\\laravel\\framework\\src\\Illuminate\\Foundation\\Http\\Kernel.php(166): Illuminate\\Routing\\Router->dispatch()
#53 C:\\Users\\CAMILO BORRERO\\Documents\\Proyectos\\proyectos_pruebas\\proyectoLaravel\\vendor\\laravel\\framework\\src\\Illuminate\\Pipeline\\Pipeline.php(128): Illuminate\\Foundation\\Http\\Kernel->Illuminate\\Foundation\\Http\\{closure}()
#54 C:\\Users\\CAMILO BORRERO\\Documents\\Proyectos\\proyectos_pruebas\\proyectoLaravel\\vendor\\laravel\\framework\\src\\Illuminate\\Foundation\\Http\\Middleware\\TransformsRequest.php(21): Illuminate\\Pipeline\\Pipeline->Illuminate\\Pipeline\\{closure}()
#55 C:\\Users\\CAMILO BORRERO\\Documents\\Proyectos\\proyectos_pruebas\\proyectoLaravel\\vendor\\laravel\\framework\\src\\Illuminate\\Pipeline\\Pipeline.php(167): Illuminate\\Foundation\\Http\\Middleware\\TransformsRequest->handle()
#56 C:\\Users\\CAMILO BORRERO\\Documents\\Proyectos\\proyectos_pruebas\\proyectoLaravel\\vendor\\laravel\\framework\\src\\Illuminate\\Foundation\\Http\\Middleware\\TransformsRequest.php(21): Illuminate\\Pipeline\\Pipeline->Illuminate\\Pipeline\\{closure}()
#57 C:\\Users\\CAMILO BORRERO\\Documents\\Proyectos\\proyectos_pruebas\\proyectoLaravel\\vendor\\laravel\\framework\\src\\Illuminate\\Pipeline\\Pipeline.php(167): Illuminate\\Foundation\\Http\\Middleware\\TransformsRequest->handle()
#58 C:\\Users\\CAMILO BORRERO\\Documents\\Proyectos\\proyectos_pruebas\\proyectoLaravel\\vendor\\laravel\\framework\\src\\Illuminate\\Foundation\\Http\\Middleware\\ValidatePostSize.php(27): Illuminate\\Pipeline\\Pipeline->Illuminate\\Pipeline\\{closure}()
#59 C:\\Users\\CAMILO BORRERO\\Documents\\Proyectos\\proyectos_pruebas\\proyectoLaravel\\vendor\\laravel\\framework\\src\\Illuminate\\Pipeline\\Pipeline.php(167): Illuminate\\Foundation\\Http\\Middleware\\ValidatePostSize->handle()
#60 C:\\Users\\CAMILO BORRERO\\Documents\\Proyectos\\proyectos_pruebas\\proyectoLaravel\\vendor\\laravel\\framework\\src\\Illuminate\\Foundation\\Http\\Middleware\\PreventRequestsDuringMaintenance.php(86): Illuminate\\Pipeline\\Pipeline->Illuminate\\Pipeline\\{closure}()
#61 C:\\Users\\CAMILO BORRERO\\Documents\\Proyectos\\proyectos_pruebas\\proyectoLaravel\\vendor\\laravel\\framework\\src\\Illuminate\\Pipeline\\Pipeline.php(167): Illuminate\\Foundation\\Http\\Middleware\\PreventRequestsDuringMaintenance->handle()
#62 C:\\Users\\CAMILO BORRERO\\Documents\\Proyectos\\proyectos_pruebas\\proyectoLaravel\\vendor\\fruitcake\\laravel-cors\\src\\HandleCors.php(37): Illuminate\\Pipeline\\Pipeline->Illuminate\\Pipeline\\{closure}()
#63 C:\\Users\\CAMILO BORRERO\\Documents\\Proyectos\\proyectos_pruebas\\proyectoLaravel\\vendor\\laravel\\framework\\src\\Illuminate\\Pipeline\\Pipeline.php(167): Fruitcake\\Cors\\HandleCors->handle()
#64 C:\\Users\\CAMILO BORRERO\\Documents\\Proyectos\\proyectos_pruebas\\proyectoLaravel\\vendor\\fideloper\\proxy\\src\\TrustProxies.php(57): Illuminate\\Pipeline\\Pipeline->Illuminate\\Pipeline\\{closure}()
#65 C:\\Users\\CAMILO BORRERO\\Documents\\Proyectos\\proyectos_pruebas\\proyectoLaravel\\vendor\\laravel\\framework\\src\\Illuminate\\Pipeline\\Pipeline.php(167): Fideloper\\Proxy\\TrustProxies->handle()
#66 C:\\Users\\CAMILO BORRERO\\Documents\\Proyectos\\proyectos_pruebas\\proyectoLaravel\\vendor\\laravel\\framework\\src\\Illuminate\\Pipeline\\Pipeline.php(103): Illuminate\\Pipeline\\Pipeline->Illuminate\\Pipeline\\{closure}()
#67 C:\\Users\\CAMILO BORRERO\\Documents\\Proyectos\\proyectos_pruebas\\proyectoLaravel\\vendor\\laravel\\framework\\src\\Illuminate\\Foundation\\Http\\Kernel.php(141): Illuminate\\Pipeline\\Pipeline->then()
#68 C:\\Users\\CAMILO BORRERO\\Documents\\Proyectos\\proyectos_pruebas\\proyectoLaravel\\vendor\\laravel\\framework\\src\\Illuminate\\Foundation\\Http\\Kernel.php(110): Illuminate\\Foundation\\Http\\Kernel->sendRequestThroughRouter()
#69 C:\\Users\\CAMILO BORRERO\\Documents\\Proyectos\\proyectos_pruebas\\proyectoLaravel\\public\\index.php(52): Illuminate\\Foundation\\Http\\Kernel->handle()
#70 C:\\Users\\CAMILO BORRERO\\Documents\\Proyectos\\proyectos_pruebas\\proyectoLaravel\\server.php(21): require_once('C:\\\\Users\\\\CAMILO...')
#71 {main}

[previous exception] [object] (ErrorException(code: 0): Trying to get property 'name' of non-object at C:\\Users\\CAMILO BORRERO\\Documents\\Proyectos\\proyectos_pruebas\\proyectoLaravel\\storage\\framework\\views\\4b0a2538d6f60d8daa46a0faa8845cc11c930c78.php:53)
[stacktrace]
#0 C:\\Users\\CAMILO BORRERO\\Documents\\Proyectos\\proyectos_pruebas\\proyectoLaravel\\storage\\framework\\views\\4b0a2538d6f60d8daa46a0faa8845cc11c930c78.php(53): Illuminate\\Foundation\\Bootstrap\\HandleExceptions->handleError()
#1 C:\\Users\\CAMILO BORRERO\\Documents\\Proyectos\\proyectos_pruebas\\proyectoLaravel\\vendor\\laravel\\framework\\src\\Illuminate\\Filesystem\\Filesystem.php(107): require('C:\\\\Users\\\\CAMILO...')
#2 C:\\Users\\CAMILO BORRERO\\Documents\\Proyectos\\proyectos_pruebas\\proyectoLaravel\\vendor\\laravel\\framework\\src\\Illuminate\\Filesystem\\Filesystem.php(108): Illuminate\\Filesystem\\Filesystem::Illuminate\\Filesystem\\{closure}()
#3 C:\\Users\\CAMILO BORRERO\\Documents\\Proyectos\\proyectos_pruebas\\proyectoLaravel\\vendor\\laravel\\framework\\src\\Illuminate\\View\\Engines\\PhpEngine.php(58): Illuminate\\Filesystem\\Filesystem->getRequire()
#4 C:\\Users\\CAMILO BORRERO\\Documents\\Proyectos\\proyectos_pruebas\\proyectoLaravel\\vendor\\laravel\\framework\\src\\Illuminate\\View\\Engines\\CompilerEngine.php(61): Illuminate\\View\\Engines\\PhpEngine->evaluatePath()
#5 C:\\Users\\CAMILO BORRERO\\Documents\\Proyectos\\proyectos_pruebas\\proyectoLaravel\\vendor\\facade\\ignition\\src\\Views\\Engines\\CompilerEngine.php(37): Illuminate\\View\\Engines\\CompilerEngine->get()
#6 C:\\Users\\CAMILO BORRERO\\Documents\\Proyectos\\proyectos_pruebas\\proyectoLaravel\\vendor\\laravel\\framework\\src\\Illuminate\\View\\View.php(139): Facade\\Ignition\\Views\\Engines\\CompilerEngine->get()
#7 C:\\Users\\CAMILO BORRERO\\Documents\\Proyectos\\proyectos_pruebas\\proyectoLaravel\\vendor\\laravel\\framework\\src\\Illuminate\\View\\View.php(122): Illuminate\\View\\View->getContents()
#8 C:\\Users\\CAMILO BORRERO\\Documents\\Proyectos\\proyectos_pruebas\\proyectoLaravel\\vendor\\laravel\\framework\\src\\Illuminate\\View\\View.php(91): Illuminate\\View\\View->renderContents()
#9 C:\\Users\\CAMILO BORRERO\\Documents\\Proyectos\\proyectos_pruebas\\proyectoLaravel\\storage\\framework\\views\\1413fad63b3f1b2740c782d2558de54026dd38b5.php(21): Illuminate\\View\\View->render()
#10 C:\\Users\\CAMILO BORRERO\\Documents\\Proyectos\\proyectos_pruebas\\proyectoLaravel\\vendor\\laravel\\framework\\src\\Illuminate\\Filesystem\\Filesystem.php(107): require('C:\\\\Users\\\\CAMILO...')
#11 C:\\Users\\CAMILO BORRERO\\Documents\\Proyectos\\proyectos_pruebas\\proyectoLaravel\\vendor\\laravel\\framework\\src\\Illuminate\\Filesystem\\Filesystem.php(108): Illuminate\\Filesystem\\Filesystem::Illuminate\\Filesystem\\{closure}()
#12 C:\\Users\\CAMILO BORRERO\\Documents\\Proyectos\\proyectos_pruebas\\proyectoLaravel\\vendor\\laravel\\framework\\src\\Illuminate\\View\\Engines\\PhpEngine.php(58): Illuminate\\Filesystem\\Filesystem->getRequire()
#13 C:\\Users\\CAMILO BORRERO\\Documents\\Proyectos\\proyectos_pruebas\\proyectoLaravel\\vendor\\laravel\\framework\\src\\Illuminate\\View\\Engines\\CompilerEngine.php(61): Illuminate\\View\\Engines\\PhpEngine->evaluatePath()
#14 C:\\Users\\CAMILO BORRERO\\Documents\\Proyectos\\proyectos_pruebas\\proyectoLaravel\\vendor\\facade\\ignition\\src\\Views\\Engines\\CompilerEngine.php(37): Illuminate\\View\\Engines\\CompilerEngine->get()
#15 C:\\Users\\CAMILO BORRERO\\Documents\\Proyectos\\proyectos_pruebas\\proyectoLaravel\\vendor\\laravel\\framework\\src\\Illuminate\\View\\View.php(139): Facade\\Ignition\\Views\\Engines\\CompilerEngine->get()
#16 C:\\Users\\CAMILO BORRERO\\Documents\\Proyectos\\proyectos_pruebas\\proyectoLaravel\\vendor\\laravel\\framework\\src\\Illuminate\\View\\View.php(122): Illuminate\\View\\View->getContents()
#17 C:\\Users\\CAMILO BORRERO\\Documents\\Proyectos\\proyectos_pruebas\\proyectoLaravel\\vendor\\laravel\\framework\\src\\Illuminate\\View\\View.php(91): Illuminate\\View\\View->renderContents()
#18 C:\\Users\\CAMILO BORRERO\\Documents\\Proyectos\\proyectos_pruebas\\proyectoLaravel\\vendor\\laravel\\framework\\src\\Illuminate\\View\\Concerns\\ManagesComponents.php(92): Illuminate\\View\\View->render()
#19 C:\\Users\\CAMILO BORRERO\\Documents\\Proyectos\\proyectos_pruebas\\proyectoLaravel\\storage\\framework\\views\\e96c96a9eab7d5fdae1f3c1ac1d43322ed6e8cab.php(27): Illuminate\\View\\Factory->renderComponent()
#20 C:\\Users\\CAMILO BORRERO\\Documents\\Proyectos\\proyectos_pruebas\\proyectoLaravel\\vendor\\laravel\\framework\\src\\Illuminate\\Filesystem\\Filesystem.php(107): require('C:\\\\Users\\\\CAMILO...')
#21 C:\\Users\\CAMILO BORRERO\\Documents\\Proyectos\\proyectos_pruebas\\proyectoLaravel\\vendor\\laravel\\framework\\src\\Illuminate\\Filesystem\\Filesystem.php(108): Illuminate\\Filesystem\\Filesystem::Illuminate\\Filesystem\\{closure}()
#22 C:\\Users\\CAMILO BORRERO\\Documents\\Proyectos\\proyectos_pruebas\\proyectoLaravel\\vendor\\laravel\\framework\\src\\Illuminate\\View\\Engines\\PhpEngine.php(58): Illuminate\\Filesystem\\Filesystem->getRequire()
#23 C:\\Users\\CAMILO BORRERO\\Documents\\Proyectos\\proyectos_pruebas\\proyectoLaravel\\vendor\\laravel\\framework\\src\\Illuminate\\View\\Engines\\CompilerEngine.php(61): Illuminate\\View\\Engines\\PhpEngine->evaluatePath()
#24 C:\\Users\\CAMILO BORRERO\\Documents\\Proyectos\\proyectos_pruebas\\proyectoLaravel\\vendor\\facade\\ignition\\src\\Views\\Engines\\CompilerEngine.php(37): Illuminate\\View\\Engines\\CompilerEngine->get()
#25 C:\\Users\\CAMILO BORRERO\\Documents\\Proyectos\\proyectos_pruebas\\proyectoLaravel\\vendor\\laravel\\framework\\src\\Illuminate\\View\\View.php(139): Facade\\Ignition\\Views\\Engines\\CompilerEngine->get()
#26 C:\\Users\\CAMILO BORRERO\\Documents\\Proyectos\\proyectos_pruebas\\proyectoLaravel\\vendor\\laravel\\framework\\src\\Illuminate\\View\\View.php(122): Illuminate\\View\\View->getContents()
#27 C:\\Users\\CAMILO BORRERO\\Documents\\Proyectos\\proyectos_pruebas\\proyectoLaravel\\vendor\\laravel\\framework\\src\\Illuminate\\View\\View.php(91): Illuminate\\View\\View->renderContents()
#28 C:\\Users\\CAMILO BORRERO\\Documents\\Proyectos\\proyectos_pruebas\\proyectoLaravel\\vendor\\laravel\\framework\\src\\Illuminate\\Http\\Response.php(62): Illuminate\\View\\View->render()
#29 C:\\Users\\CAMILO BORRERO\\Documents\\Proyectos\\proyectos_pruebas\\proyectoLaravel\\vendor\\laravel\\framework\\src\\Illuminate\\Http\\Response.php(34): Illuminate\\Http\\Response->setContent()
#30 C:\\Users\\CAMILO BORRERO\\Documents\\Proyectos\\proyectos_pruebas\\proyectoLaravel\\vendor\\laravel\\framework\\src\\Illuminate\\Routing\\Router.php(783): Illuminate\\Http\\Response->__construct()
#31 C:\\Users\\CAMILO BORRERO\\Documents\\Proyectos\\proyectos_pruebas\\proyectoLaravel\\vendor\\laravel\\framework\\src\\Illuminate\\Routing\\Router.php(753): Illuminate\\Routing\\Router::toResponse()
#32 C:\\Users\\CAMILO BORRERO\\Documents\\Proyectos\\proyectos_pruebas\\proyectoLaravel\\vendor\\laravel\\framework\\src\\Illuminate\\Routing\\Router.php(693): Illuminate\\Routing\\Router->prepareResponse()
#33 C:\\Users\\CAMILO BORRERO\\Documents\\Proyectos\\proyectos_pruebas\\proyectoLaravel\\vendor\\laravel\\framework\\src\\Illuminate\\Pipeline\\Pipeline.php(128): Illuminate\\Routing\\Router->Illuminate\\Routing\\{closure}()
#34 C:\\Users\\CAMILO BORRERO\\Documents\\Proyectos\\proyectos_pruebas\\proyectoLaravel\\vendor\\laravel\\framework\\src\\Illuminate\\Routing\\Middleware\\SubstituteBindings.php(50): Illuminate\\Pipeline\\Pipeline->Illuminate\\Pipeline\\{closure}()
#35 C:\\Users\\CAMILO BORRERO\\Documents\\Proyectos\\proyectos_pruebas\\proyectoLaravel\\vendor\\laravel\\framework\\src\\Illuminate\\Pipeline\\Pipeline.php(167): Illuminate\\Routing\\Middleware\\SubstituteBindings->handle()
#36 C:\\Users\\CAMILO BORRERO\\Documents\\Proyectos\\proyectos_pruebas\\proyectoLaravel\\vendor\\laravel\\framework\\src\\Illuminate\\Foundation\\Http\\Middleware\\VerifyCsrfToken.php(78): Illuminate\\Pipeline\\Pipeline->Illuminate\\Pipeline\\{closure}()
#37 C:\\Users\\CAMILO BORRERO\\Documents\\Proyectos\\proyectos_pruebas\\proyectoLaravel\\vendor\\laravel\\framework\\src\\Illuminate\\Pipeline\\Pipeline.php(167): Illuminate\\Foundation\\Http\\Middleware\\VerifyCsrfToken->handle()
#38 C:\\Users\\CAMILO BORRERO\\Documents\\Proyectos\\proyectos_pruebas\\proyectoLaravel\\vendor\\laravel\\framework\\src\\Illuminate\\View\\Middleware\\ShareErrorsFromSession.php(49): Illuminate\\Pipeline\\Pipeline->Illuminate\\Pipeline\\{closure}()
#39 C:\\Users\\CAMILO BORRERO\\Documents\\Proyectos\\proyectos_pruebas\\proyectoLaravel\\vendor\\laravel\\framework\\src\\Illuminate\\Pipeline\\Pipeline.php(167): Illuminate\\View\\Middleware\\ShareErrorsFromSession->handle()
#40 C:\\Users\\CAMILO BORRERO\\Documents\\Proyectos\\proyectos_pruebas\\proyectoLaravel\\vendor\\laravel\\framework\\src\\Illuminate\\Session\\Middleware\\StartSession.php(121): Illuminate\\Pipeline\\Pipeline->Illuminate\\Pipeline\\{closure}()
#41 C:\\Users\\CAMILO BORRERO\\Documents\\Proyectos\\proyectos_pruebas\\proyectoLaravel\\vendor\\laravel\\framework\\src\\Illuminate\\Session\\Middleware\\StartSession.php(63): Illuminate\\Session\\Middleware\\StartSession->handleStatefulRequest()
#42 C:\\Users\\CAMILO BORRERO\\Documents\\Proyectos\\proyectos_pruebas\\proyectoLaravel\\vendor\\laravel\\framework\\src\\Illuminate\\Pipeline\\Pipeline.php(167): Illuminate\\Session\\Middleware\\StartSession->handle()
#43 C:\\Users\\CAMILO BORRERO\\Documents\\Proyectos\\proyectos_pruebas\\proyectoLaravel\\vendor\\laravel\\framework\\src\\Illuminate\\Cookie\\Middleware\\AddQueuedCookiesToResponse.php(37): Illuminate\\Pipeline\\Pipeline->Illuminate\\Pipeline\\{closure}()
#44 C:\\Users\\CAMILO BORRERO\\Documents\\Proyectos\\proyectos_pruebas\\proyectoLaravel\\vendor\\laravel\\framework\\src\\Illuminate\\Pipeline\\Pipeline.php(167): Illuminate\\Cookie\\Middleware\\AddQueuedCookiesToResponse->handle()
#45 C:\\Users\\CAMILO BORRERO\\Documents\\Proyectos\\proyectos_pruebas\\proyectoLaravel\\vendor\\laravel\\framework\\src\\Illuminate\\Cookie\\Middleware\\EncryptCookies.php(67): Illuminate\\Pipeline\\Pipeline->Illuminate\\Pipeline\\{closure}()
#46 C:\\Users\\CAMILO BORRERO\\Documents\\Proyectos\\proyectos_pruebas\\proyectoLaravel\\vendor\\laravel\\framework\\src\\Illuminate\\Pipeline\\Pipeline.php(167): Illuminate\\Cookie\\Middleware\\EncryptCookies->handle()
#47 C:\\Users\\CAMILO BORRERO\\Documents\\Proyectos\\proyectos_pruebas\\proyectoLaravel\\vendor\\laravel\\framework\\src\\Illuminate\\Pipeline\\Pipeline.php(103): Illuminate\\Pipeline\\Pipeline->Illuminate\\Pipeline\\{closure}()
#48 C:\\Users\\CAMILO BORRERO\\Documents\\Proyectos\\proyectos_pruebas\\proyectoLaravel\\vendor\\laravel\\framework\\src\\Illuminate\\Routing\\Router.php(695): Illuminate\\Pipeline\\Pipeline->then()
#49 C:\\Users\\CAMILO BORRERO\\Documents\\Proyectos\\proyectos_pruebas\\proyectoLaravel\\vendor\\laravel\\framework\\src\\Illuminate\\Routing\\Router.php(670): Illuminate\\Routing\\Router->runRouteWithinStack()
#50 C:\\Users\\CAMILO BORRERO\\Documents\\Proyectos\\proyectos_pruebas\\proyectoLaravel\\vendor\\laravel\\framework\\src\\Illuminate\\Routing\\Router.php(636): Illuminate\\Routing\\Router->runRoute()
#51 C:\\Users\\CAMILO BORRERO\\Documents\\Proyectos\\proyectos_pruebas\\proyectoLaravel\\vendor\\laravel\\framework\\src\\Illuminate\\Routing\\Router.php(625): Illuminate\\Routing\\Router->dispatchToRoute()
#52 C:\\Users\\CAMILO BORRERO\\Documents\\Proyectos\\proyectos_pruebas\\proyectoLaravel\\vendor\\laravel\\framework\\src\\Illuminate\\Foundation\\Http\\Kernel.php(166): Illuminate\\Routing\\Router->dispatch()
#53 C:\\Users\\CAMILO BORRERO\\Documents\\Proyectos\\proyectos_pruebas\\proyectoLaravel\\vendor\\laravel\\framework\\src\\Illuminate\\Pipeline\\Pipeline.php(128): Illuminate\\Foundation\\Http\\Kernel->Illuminate\\Foundation\\Http\\{closure}()
#54 C:\\Users\\CAMILO BORRERO\\Documents\\Proyectos\\proyectos_pruebas\\proyectoLaravel\\vendor\\laravel\\framework\\src\\Illuminate\\Foundation\\Http\\Middleware\\TransformsRequest.php(21): Illuminate\\Pipeline\\Pipeline->Illuminate\\Pipeline\\{closure}()
#55 C:\\Users\\CAMILO BORRERO\\Documents\\Proyectos\\proyectos_pruebas\\proyectoLaravel\\vendor\\laravel\\framework\\src\\Illuminate\\Pipeline\\Pipeline.php(167): Illuminate\\Foundation\\Http\\Middleware\\TransformsRequest->handle()
#56 C:\\Users\\CAMILO BORRERO\\Documents\\Proyectos\\proyectos_pruebas\\proyectoLaravel\\vendor\\laravel\\framework\\src\\Illuminate\\Foundation\\Http\\Middleware\\TransformsRequest.php(21): Illuminate\\Pipeline\\Pipeline->Illuminate\\Pipeline\\{closure}()
#57 C:\\Users\\CAMILO BORRERO\\Documents\\Proyectos\\proyectos_pruebas\\proyectoLaravel\\vendor\\laravel\\framework\\src\\Illuminate\\Pipeline\\Pipeline.php(167): Illuminate\\Foundation\\Http\\Middleware\\TransformsRequest->handle()
#58 C:\\Users\\CAMILO BORRERO\\Documents\\Proyectos\\proyectos_pruebas\\proyectoLaravel\\vendor\\laravel\\framework\\src\\Illuminate\\Foundation\\Http\\Middleware\\ValidatePostSize.php(27): Illuminate\\Pipeline\\Pipeline->Illuminate\\Pipeline\\{closure}()
#59 C:\\Users\\CAMILO BORRERO\\Documents\\Proyectos\\proyectos_pruebas\\proyectoLaravel\\vendor\\laravel\\framework\\src\\Illuminate\\Pipeline\\Pipeline.php(167): Illuminate\\Foundation\\Http\\Middleware\\ValidatePostSize->handle()
#60 C:\\Users\\CAMILO BORRERO\\Documents\\Proyectos\\proyectos_pruebas\\proyectoLaravel\\vendor\\laravel\\framework\\src\\Illuminate\\Foundation\\Http\\Middleware\\PreventRequestsDuringMaintenance.php(86): Illuminate\\Pipeline\\Pipeline->Illuminate\\Pipeline\\{closure}()
#61 C:\\Users\\CAMILO BORRERO\\Documents\\Proyectos\\proyectos_pruebas\\proyectoLaravel\\vendor\\laravel\\framework\\src\\Illuminate\\Pipeline\\Pipeline.php(167): Illuminate\\Foundation\\Http\\Middleware\\PreventRequestsDuringMaintenance->handle()
#62 C:\\Users\\CAMILO BORRERO\\Documents\\Proyectos\\proyectos_pruebas\\proyectoLaravel\\vendor\\fruitcake\\laravel-cors\\src\\HandleCors.php(37): Illuminate\\Pipeline\\Pipeline->Illuminate\\Pipeline\\{closure}()
#63 C:\\Users\\CAMILO BORRERO\\Documents\\Proyectos\\proyectos_pruebas\\proyectoLaravel\\vendor\\laravel\\framework\\src\\Illuminate\\Pipeline\\Pipeline.php(167): Fruitcake\\Cors\\HandleCors->handle()
#64 C:\\Users\\CAMILO BORRERO\\Documents\\Proyectos\\proyectos_pruebas\\proyectoLaravel\\vendor\\fideloper\\proxy\\src\\TrustProxies.php(57): Illuminate\\Pipeline\\Pipeline->Illuminate\\Pipeline\\{closure}()
#65 C:\\Users\\CAMILO BORRERO\\Documents\\Proyectos\\proyectos_pruebas\\proyectoLaravel\\vendor\\laravel\\framework\\src\\Illuminate\\Pipeline\\Pipeline.php(167): Fideloper\\Proxy\\TrustProxies->handle()
#66 C:\\Users\\CAMILO BORRERO\\Documents\\Proyectos\\proyectos_pruebas\\proyectoLaravel\\vendor\\laravel\\framework\\src\\Illuminate\\Pipeline\\Pipeline.php(103): Illuminate\\Pipeline\\Pipeline->Illuminate\\Pipeline\\{closure}()
#67 C:\\Users\\CAMILO BORRERO\\Documents\\Proyectos\\proyectos_pruebas\\proyectoLaravel\\vendor\\laravel\\framework\\src\\Illuminate\\Foundation\\Http\\Kernel.php(141): Illuminate\\Pipeline\\Pipeline->then()
#68 C:\\Users\\CAMILO BORRERO\\Documents\\Proyectos\\proyectos_pruebas\\proyectoLaravel\\vendor\\laravel\\framework\\src\\Illuminate\\Foundation\\Http\\Kernel.php(110): Illuminate\\Foundation\\Http\\Kernel->sendRequestThroughRouter()
#69 C:\\Users\\CAMILO BORRERO\\Documents\\Proyectos\\proyectos_pruebas\\proyectoLaravel\\public\\index.php(52): Illuminate\\Foundation\\Http\\Kernel->handle()
#70 C:\\Users\\CAMILO BORRERO\\Documents\\Proyectos\\proyectos_pruebas\\proyectoLaravel\\server.php(21): require_once('C:\\\\Users\\\\CAMILO...')
#71 {main}
"} 
[2021-02-04 03:32:08] local.ERROR: Use of undefined constant is_null - assumed 'is_null' (this will throw an Error in a future version of PHP) {"exception":"[object] (ErrorException(code: 0): Use of undefined constant is_null - assumed 'is_null' (this will throw an Error in a future version of PHP) at C:\\Users\\CAMILO BORRERO\\Documents\\Proyectos\\proyectos_pruebas\\proyectoLaravel\outes\\web.php:33)
[stacktrace]
#0 C:\\Users\\CAMILO BORRERO\\Documents\\Proyectos\\proyectos_pruebas\\proyectoLaravel\outes\\web.php(33): Illuminate\\Foundation\\Bootstrap\\HandleExceptions->handleError()
#1 C:\\Users\\CAMILO BORRERO\\Documents\\Proyectos\\proyectos_pruebas\\proyectoLaravel\\vendor\\laravel\\framework\\src\\Illuminate\\Routing\\Route.php(230): Illuminate\\Routing\\RouteFileRegistrar->{closure}()
#2 C:\\Users\\CAMILO BORRERO\\Documents\\Proyectos\\proyectos_pruebas\\proyectoLaravel\\vendor\\laravel\\framework\\src\\Illuminate\\Routing\\Route.php(200): Illuminate\\Routing\\Route->runCallable()
#3 C:\\Users\\CAMILO BORRERO\\Documents\\Proyectos\\proyectos_pruebas\\proyectoLaravel\\vendor\\laravel\\framework\\src\\Illuminate\\Routing\\Router.php(693): Illuminate\\Routing\\Route->run()
#4 C:\\Users\\CAMILO BORRERO\\Documents\\Proyectos\\proyectos_pruebas\\proyectoLaravel\\vendor\\laravel\\framework\\src\\Illuminate\\Pipeline\\Pipeline.php(128): Illuminate\\Routing\\Router->Illuminate\\Routing\\{closure}()
#5 C:\\Users\\CAMILO BORRERO\\Documents\\Proyectos\\proyectos_pruebas\\proyectoLaravel\\vendor\\laravel\\framework\\src\\Illuminate\\Routing\\Middleware\\SubstituteBindings.php(50): Illuminate\\Pipeline\\Pipeline->Illuminate\\Pipeline\\{closure}()
#6 C:\\Users\\CAMILO BORRERO\\Documents\\Proyectos\\proyectos_pruebas\\proyectoLaravel\\vendor\\laravel\\framework\\src\\Illuminate\\Pipeline\\Pipeline.php(167): Illuminate\\Routing\\Middleware\\SubstituteBindings->handle()
#7 C:\\Users\\CAMILO BORRERO\\Documents\\Proyectos\\proyectos_pruebas\\proyectoLaravel\\vendor\\laravel\\framework\\src\\Illuminate\\Foundation\\Http\\Middleware\\VerifyCsrfToken.php(78): Illuminate\\Pipeline\\Pipeline->Illuminate\\Pipeline\\{closure}()
#8 C:\\Users\\CAMILO BORRERO\\Documents\\Proyectos\\proyectos_pruebas\\proyectoLaravel\\vendor\\laravel\\framework\\src\\Illuminate\\Pipeline\\Pipeline.php(167): Illuminate\\Foundation\\Http\\Middleware\\VerifyCsrfToken->handle()
#9 C:\\Users\\CAMILO BORRERO\\Documents\\Proyectos\\proyectos_pruebas\\proyectoLaravel\\vendor\\laravel\\framework\\src\\Illuminate\\View\\Middleware\\ShareErrorsFromSession.php(49): Illuminate\\Pipeline\\Pipeline->Illuminate\\Pipeline\\{closure}()
#10 C:\\Users\\CAMILO BORRERO\\Documents\\Proyectos\\proyectos_pruebas\\proyectoLaravel\\vendor\\laravel\\framework\\src\\Illuminate\\Pipeline\\Pipeline.php(167): Illuminate\\View\\Middleware\\ShareErrorsFromSession->handle()
#11 C:\\Users\\CAMILO BORRERO\\Documents\\Proyectos\\proyectos_pruebas\\proyectoLaravel\\vendor\\laravel\\framework\\src\\Illuminate\\Session\\Middleware\\StartSession.php(121): Illuminate\\Pipeline\\Pipeline->Illuminate\\Pipeline\\{closure}()
#12 C:\\Users\\CAMILO BORRERO\\Documents\\Proyectos\\proyectos_pruebas\\proyectoLaravel\\vendor\\laravel\\framework\\src\\Illuminate\\Session\\Middleware\\StartSession.php(63): Illuminate\\Session\\Middleware\\StartSession->handleStatefulRequest()
#13 C:\\Users\\CAMILO BORRERO\\Documents\\Proyectos\\proyectos_pruebas\\proyectoLaravel\\vendor\\laravel\\framework\\src\\Illuminate\\Pipeline\\Pipeline.php(167): Illuminate\\Session\\Middleware\\StartSession->handle()
#14 C:\\Users\\CAMILO BORRERO\\Documents\\Proyectos\\proyectos_pruebas\\proyectoLaravel\\vendor\\laravel\\framework\\src\\Illuminate\\Cookie\\Middleware\\AddQueuedCookiesToResponse.php(37): Illuminate\\Pipeline\\Pipeline->Illuminate\\Pipeline\\{closure}()
#15 C:\\Users\\CAMILO BORRERO\\Documents\\Proyectos\\proyectos_pruebas\\proyectoLaravel\\vendor\\laravel\\framework\\src\\Illuminate\\Pipeline\\Pipeline.php(167): Illuminate\\Cookie\\Middleware\\AddQueuedCookiesToResponse->handle()
#16 C:\\Users\\CAMILO BORRERO\\Documents\\Proyectos\\proyectos_pruebas\\proyectoLaravel\\vendor\\laravel\\framework\\src\\Illuminate\\Cookie\\Middleware\\EncryptCookies.php(67): Illuminate\\Pipeline\\Pipeline->Illuminate\\Pipeline\\{closure}()
#17 C:\\Users\\CAMILO BORRERO\\Documents\\Proyectos\\proyectos_pruebas\\proyectoLaravel\\vendor\\laravel\\framework\\src\\Illuminate\\Pipeline\\Pipeline.php(167): Illuminate\\Cookie\\Middleware\\EncryptCookies->handle()
#18 C:\\Users\\CAMILO BORRERO\\Documents\\Proyectos\\proyectos_pruebas\\proyectoLaravel\\vendor\\laravel\\framework\\src\\Illuminate\\Pipeline\\Pipeline.php(103): Illuminate\\Pipeline\\Pipeline->Illuminate\\Pipeline\\{closure}()
#19 C:\\Users\\CAMILO BORRERO\\Documents\\Proyectos\\proyectos_pruebas\\proyectoLaravel\\vendor\\laravel\\framework\\src\\Illuminate\\Routing\\Router.php(695): Illuminate\\Pipeline\\Pipeline->then()
#20 C:\\Users\\CAMILO BORRERO\\Documents\\Proyectos\\proyectos_pruebas\\proyectoLaravel\\vendor\\laravel\\framework\\src\\Illuminate\\Routing\\Router.php(670): Illuminate\\Routing\\Router->runRouteWithinStack()
#21 C:\\Users\\CAMILO BORRERO\\Documents\\Proyectos\\proyectos_pruebas\\proyectoLaravel\\vendor\\laravel\\framework\\src\\Illuminate\\Routing\\Router.php(636): Illuminate\\Routing\\Router->runRoute()
#22 C:\\Users\\CAMILO BORRERO\\Documents\\Proyectos\\proyectos_pruebas\\proyectoLaravel\\vendor\\laravel\\framework\\src\\Illuminate\\Routing\\Router.php(625): Illuminate\\Routing\\Router->dispatchToRoute()
#23 C:\\Users\\CAMILO BORRERO\\Documents\\Proyectos\\proyectos_pruebas\\proyectoLaravel\\vendor\\laravel\\framework\\src\\Illuminate\\Foundation\\Http\\Kernel.php(166): Illuminate\\Routing\\Router->dispatch()
#24 C:\\Users\\CAMILO BORRERO\\Documents\\Proyectos\\proyectos_pruebas\\proyectoLaravel\\vendor\\laravel\\framework\\src\\Illuminate\\Pipeline\\Pipeline.php(128): Illuminate\\Foundation\\Http\\Kernel->Illuminate\\Foundation\\Http\\{closure}()
#25 C:\\Users\\CAMILO BORRERO\\Documents\\Proyectos\\proyectos_pruebas\\proyectoLaravel\\vendor\\laravel\\framework\\src\\Illuminate\\Foundation\\Http\\Middleware\\TransformsRequest.php(21): Illuminate\\Pipeline\\Pipeline->Illuminate\\Pipeline\\{closure}()
#26 C:\\Users\\CAMILO BORRERO\\Documents\\Proyectos\\proyectos_pruebas\\proyectoLaravel\\vendor\\laravel\\framework\\src\\Illuminate\\Pipeline\\Pipeline.php(167): Illuminate\\Foundation\\Http\\Middleware\\TransformsRequest->handle()
#27 C:\\Users\\CAMILO BORRERO\\Documents\\Proyectos\\proyectos_pruebas\\proyectoLaravel\\vendor\\laravel\\framework\\src\\Illuminate\\Foundation\\Http\\Middleware\\TransformsRequest.php(21): Illuminate\\Pipeline\\Pipeline->Illuminate\\Pipeline\\{closure}()
#28 C:\\Users\\CAMILO BORRERO\\Documents\\Proyectos\\proyectos_pruebas\\proyectoLaravel\\vendor\\laravel\\framework\\src\\Illuminate\\Pipeline\\Pipeline.php(167): Illuminate\\Foundation\\Http\\Middleware\\TransformsRequest->handle()
#29 C:\\Users\\CAMILO BORRERO\\Documents\\Proyectos\\proyectos_pruebas\\proyectoLaravel\\vendor\\laravel\\framework\\src\\Illuminate\\Foundation\\Http\\Middleware\\ValidatePostSize.php(27): Illuminate\\Pipeline\\Pipeline->Illuminate\\Pipeline\\{closure}()
#30 C:\\Users\\CAMILO BORRERO\\Documents\\Proyectos\\proyectos_pruebas\\proyectoLaravel\\vendor\\laravel\\framework\\src\\Illuminate\\Pipeline\\Pipeline.php(167): Illuminate\\Foundation\\Http\\Middleware\\ValidatePostSize->handle()
#31 C:\\Users\\CAMILO BORRERO\\Documents\\Proyectos\\proyectos_pruebas\\proyectoLaravel\\vendor\\laravel\\framework\\src\\Illuminate\\Foundation\\Http\\Middleware\\PreventRequestsDuringMaintenance.php(86): Illuminate\\Pipeline\\Pipeline->Illuminate\\Pipeline\\{closure}()
#32 C:\\Users\\CAMILO BORRERO\\Documents\\Proyectos\\proyectos_pruebas\\proyectoLaravel\\vendor\\laravel\\framework\\src\\Illuminate\\Pipeline\\Pipeline.php(167): Illuminate\\Foundation\\Http\\Middleware\\PreventRequestsDuringMaintenance->handle()
#33 C:\\Users\\CAMILO BORRERO\\Documents\\Proyectos\\proyectos_pruebas\\proyectoLaravel\\vendor\\fruitcake\\laravel-cors\\src\\HandleCors.php(37): Illuminate\\Pipeline\\Pipeline->Illuminate\\Pipeline\\{closure}()
#34 C:\\Users\\CAMILO BORRERO\\Documents\\Proyectos\\proyectos_pruebas\\proyectoLaravel\\vendor\\laravel\\framework\\src\\Illuminate\\Pipeline\\Pipeline.php(167): Fruitcake\\Cors\\HandleCors->handle()
#35 C:\\Users\\CAMILO BORRERO\\Documents\\Proyectos\\proyectos_pruebas\\proyectoLaravel\\vendor\\fideloper\\proxy\\src\\TrustProxies.php(57): Illuminate\\Pipeline\\Pipeline->Illuminate\\Pipeline\\{closure}()
#36 C:\\Users\\CAMILO BORRERO\\Documents\\Proyectos\\proyectos_pruebas\\proyectoLaravel\\vendor\\laravel\\framework\\src\\Illuminate\\Pipeline\\Pipeline.php(167): Fideloper\\Proxy\\TrustProxies->handle()
#37 C:\\Users\\CAMILO BORRERO\\Documents\\Proyectos\\proyectos_pruebas\\proyectoLaravel\\vendor\\laravel\\framework\\src\\Illuminate\\Pipeline\\Pipeline.php(103): Illuminate\\Pipeline\\Pipeline->Illuminate\\Pipeline\\{closure}()
#38 C:\\Users\\CAMILO BORRERO\\Documents\\Proyectos\\proyectos_pruebas\\proyectoLaravel\\vendor\\laravel\\framework\\src\\Illuminate\\Foundation\\Http\\Kernel.php(141): Illuminate\\Pipeline\\Pipeline->then()
#39 C:\\Users\\CAMILO BORRERO\\Documents\\Proyectos\\proyectos_pruebas\\proyectoLaravel\\vendor\\laravel\\framework\\src\\Illuminate\\Foundation\\Http\\Kernel.php(110): Illuminate\\Foundation\\Http\\Kernel->sendRequestThroughRouter()
#40 C:\\Users\\CAMILO BORRERO\\Documents\\Proyectos\\proyectos_pruebas\\proyectoLaravel\\public\\index.php(52): Illuminate\\Foundation\\Http\\Kernel->handle()
#41 C:\\Users\\CAMILO BORRERO\\Documents\\Proyectos\\proyectos_pruebas\\proyectoLaravel\\server.php(21): require_once('C:\\\\Users\\\\CAMILO...')
#42 {main}
"} 
[2021-02-04 03:56:40] local.ERROR: Invalid route action: [App\Http\Controller\HomeController]. {"exception":"[object] (UnexpectedValueException(code: 0): Invalid route action: [App\\Http\\Controller\\HomeController]. at C:\\Users\\CAMILO BORRERO\\Documents\\Proyectos\\proyectos_pruebas\\proyectoLaravel\\vendor\\laravel\\framework\\src\\Illuminate\\Routing\\RouteAction.php:92)
[stacktrace]
#0 C:\\Users\\CAMILO BORRERO\\Documents\\Proyectos\\proyectos_pruebas\\proyectoLaravel\\vendor\\laravel\\framework\\src\\Illuminate\\Routing\\RouteAction.php(47): Illuminate\\Routing\\RouteAction::makeInvokable()
#1 C:\\Users\\CAMILO BORRERO\\Documents\\Proyectos\\proyectos_pruebas\\proyectoLaravel\\vendor\\laravel\\framework\\src\\Illuminate\\Routing\\Route.php(183): Illuminate\\Routing\\RouteAction::parse()
#2 C:\\Users\\CAMILO BORRERO\\Documents\\Proyectos\\proyectos_pruebas\\proyectoLaravel\\vendor\\laravel\\framework\\src\\Illuminate\\Routing\\Route.php(164): Illuminate\\Routing\\Route->parseAction()
#3 C:\\Users\\CAMILO BORRERO\\Documents\\Proyectos\\proyectos_pruebas\\proyectoLaravel\\vendor\\laravel\\framework\\src\\Illuminate\\Routing\\Router.php(557): Illuminate\\Routing\\Route->__construct()
#4 C:\\Users\\CAMILO BORRERO\\Documents\\Proyectos\\proyectos_pruebas\\proyectoLaravel\\vendor\\laravel\\framework\\src\\Illuminate\\Routing\\Router.php(476): Illuminate\\Routing\\Router->newRoute()
#5 C:\\Users\\CAMILO BORRERO\\Documents\\Proyectos\\proyectos_pruebas\\proyectoLaravel\\vendor\\laravel\\framework\\src\\Illuminate\\Routing\\Router.php(455): Illuminate\\Routing\\Router->createRoute()
#6 C:\\Users\\CAMILO BORRERO\\Documents\\Proyectos\\proyectos_pruebas\\proyectoLaravel\\vendor\\laravel\\framework\\src\\Illuminate\\Routing\\Router.php(147): Illuminate\\Routing\\Router->addRoute()
#7 C:\\Users\\CAMILO BORRERO\\Documents\\Proyectos\\proyectos_pruebas\\proyectoLaravel\\vendor\\laravel\\framework\\src\\Illuminate\\Support\\Facades\\Facade.php(261): Illuminate\\Routing\\Router->get()
#8 C:\\Users\\CAMILO BORRERO\\Documents\\Proyectos\\proyectos_pruebas\\proyectoLaravel\outes\\web.php(17): Illuminate\\Support\\Facades\\Facade::__callStatic()
#9 C:\\Users\\CAMILO BORRERO\\Documents\\Proyectos\\proyectos_pruebas\\proyectoLaravel\\vendor\\laravel\\framework\\src\\Illuminate\\Routing\\RouteFileRegistrar.php(35): require('C:\\\\Users\\\\CAMILO...')
#10 C:\\Users\\CAMILO BORRERO\\Documents\\Proyectos\\proyectos_pruebas\\proyectoLaravel\\vendor\\laravel\\framework\\src\\Illuminate\\Routing\\Router.php(425): Illuminate\\Routing\\RouteFileRegistrar->register()
#11 C:\\Users\\CAMILO BORRERO\\Documents\\Proyectos\\proyectos_pruebas\\proyectoLaravel\\vendor\\laravel\\framework\\src\\Illuminate\\Routing\\Router.php(382): Illuminate\\Routing\\Router->loadRoutes()
#12 C:\\Users\\CAMILO BORRERO\\Documents\\Proyectos\\proyectos_pruebas\\proyectoLaravel\\vendor\\laravel\\framework\\src\\Illuminate\\Routing\\RouteRegistrar.php(135): Illuminate\\Routing\\Router->group()
#13 C:\\Users\\CAMILO BORRERO\\Documents\\Proyectos\\proyectos_pruebas\\proyectoLaravel\\app\\Providers\\RouteServiceProvider.php(48): Illuminate\\Routing\\RouteRegistrar->group()
#14 C:\\Users\\CAMILO BORRERO\\Documents\\Proyectos\\proyectos_pruebas\\proyectoLaravel\\vendor\\laravel\\framework\\src\\Illuminate\\Container\\BoundMethod.php(36): App\\Providers\\RouteServiceProvider->App\\Providers\\{closure}()
#15 C:\\Users\\CAMILO BORRERO\\Documents\\Proyectos\\proyectos_pruebas\\proyectoLaravel\\vendor\\laravel\\framework\\src\\Illuminate\\Container\\Util.php(40): Illuminate\\Container\\BoundMethod::Illuminate\\Container\\{closure}()
#16 C:\\Users\\CAMILO BORRERO\\Documents\\Proyectos\\proyectos_pruebas\\proyectoLaravel\\vendor\\laravel\\framework\\src\\Illuminate\\Container\\BoundMethod.php(81): Illuminate\\Container\\Util::unwrapIfClosure()
#17 C:\\Users\\CAMILO BORRERO\\Documents\\Proyectos\\proyectos_pruebas\\proyectoLaravel\\vendor\\laravel\\framework\\src\\Illuminate\\Container\\BoundMethod.php(37): Illuminate\\Container\\BoundMethod::callBoundMethod()
#18 C:\\Users\\CAMILO BORRERO\\Documents\\Proyectos\\proyectos_pruebas\\proyectoLaravel\\vendor\\laravel\\framework\\src\\Illuminate\\Container\\Container.php(610): Illuminate\\Container\\BoundMethod::call()
#19 C:\\Users\\CAMILO BORRERO\\Documents\\Proyectos\\proyectos_pruebas\\proyectoLaravel\\vendor\\laravel\\framework\\src\\Illuminate\\Foundation\\Support\\Providers\\RouteServiceProvider.php(120): Illuminate\\Container\\Container->call()
#20 C:\\Users\\CAMILO BORRERO\\Documents\\Proyectos\\proyectos_pruebas\\proyectoLaravel\\vendor\\laravel\\framework\\src\\Illuminate\\Foundation\\Support\\Providers\\RouteServiceProvider.php(45): Illuminate\\Foundation\\Support\\Providers\\RouteServiceProvider->loadRoutes()
#21 C:\\Users\\CAMILO BORRERO\\Documents\\Proyectos\\proyectos_pruebas\\proyectoLaravel\\vendor\\laravel\\framework\\src\\Illuminate\\Container\\BoundMethod.php(36): Illuminate\\Foundation\\Support\\Providers\\RouteServiceProvider->Illuminate\\Foundation\\Support\\Providers\\{closure}()
#22 C:\\Users\\CAMILO BORRERO\\Documents\\Proyectos\\proyectos_pruebas\\proyectoLaravel\\vendor\\laravel\\framework\\src\\Illuminate\\Container\\Util.php(40): Illuminate\\Container\\BoundMethod::Illuminate\\Container\\{closure}()
#23 C:\\Users\\CAMILO BORRERO\\Documents\\Proyectos\\proyectos_pruebas\\proyectoLaravel\\vendor\\laravel\\framework\\src\\Illuminate\\Container\\BoundMethod.php(81): Illuminate\\Container\\Util::unwrapIfClosure()
#24 C:\\Users\\CAMILO BORRERO\\Documents\\Proyectos\\proyectos_pruebas\\proyectoLaravel\\vendor\\laravel\\framework\\src\\Illuminate\\Container\\BoundMethod.php(37): Illuminate\\Container\\BoundMethod::callBoundMethod()
#25 C:\\Users\\CAMILO BORRERO\\Documents\\Proyectos\\proyectos_pruebas\\proyectoLaravel\\vendor\\laravel\\framework\\src\\Illuminate\\Container\\Container.php(610): Illuminate\\Container\\BoundMethod::call()
#26 C:\\Users\\CAMILO BORRERO\\Documents\\Proyectos\\proyectos_pruebas\\proyectoLaravel\\vendor\\laravel\\framework\\src\\Illuminate\\Support\\ServiceProvider.php(113): Illuminate\\Container\\Container->call()
#27 C:\\Users\\CAMILO BORRERO\\Documents\\Proyectos\\proyectos_pruebas\\proyectoLaravel\\vendor\\laravel\\framework\\src\\Illuminate\\Foundation\\Application.php(902): Illuminate\\Support\\ServiceProvider->callBootedCallbacks()
#28 C:\\Users\\CAMILO BORRERO\\Documents\\Proyectos\\proyectos_pruebas\\proyectoLaravel\\vendor\\laravel\\framework\\src\\Illuminate\\Foundation\\Application.php(880): Illuminate\\Foundation\\Application->bootProvider()
#29 [internal function]: Illuminate\\Foundation\\Application->Illuminate\\Foundation\\{closure}()
#30 C:\\Users\\CAMILO BORRERO\\Documents\\Proyectos\\proyectos_pruebas\\proyectoLaravel\\vendor\\laravel\\framework\\src\\Illuminate\\Foundation\\Application.php(881): array_walk()
#31 C:\\Users\\CAMILO BORRERO\\Documents\\Proyectos\\proyectos_pruebas\\proyectoLaravel\\vendor\\laravel\\framework\\src\\Illuminate\\Foundation\\Bootstrap\\BootProviders.php(17): Illuminate\\Foundation\\Application->boot()
#32 C:\\Users\\CAMILO BORRERO\\Documents\\Proyectos\\proyectos_pruebas\\proyectoLaravel\\vendor\\laravel\\framework\\src\\Illuminate\\Foundation\\Application.php(237): Illuminate\\Foundation\\Bootstrap\\BootProviders->bootstrap()
#33 C:\\Users\\CAMILO BORRERO\\Documents\\Proyectos\\proyectos_pruebas\\proyectoLaravel\\vendor\\laravel\\framework\\src\\Illuminate\\Foundation\\Console\\Kernel.php(310): Illuminate\\Foundation\\Application->bootstrapWith()
#34 C:\\Users\\CAMILO BORRERO\\Documents\\Proyectos\\proyectos_pruebas\\proyectoLaravel\\vendor\\laravel\\framework\\src\\Illuminate\\Foundation\\Console\\Kernel.php(127): Illuminate\\Foundation\\Console\\Kernel->bootstrap()
#35 C:\\Users\\CAMILO BORRERO\\Documents\\Proyectos\\proyectos_pruebas\\proyectoLaravel\\artisan(37): Illuminate\\Foundation\\Console\\Kernel->handle()
#36 {main}
"} 
[2021-02-04 04:00:57] local.ERROR: Invalid route action: [App\Http\Controller\HomeController]. {"exception":"[object] (UnexpectedValueException(code: 0): Invalid route action: [App\\Http\\Controller\\HomeController]. at C:\\Users\\CAMILO BORRERO\\Documents\\Proyectos\\proyectos_pruebas\\proyectoLaravel\\vendor\\laravel\\framework\\src\\Illuminate\\Routing\\RouteAction.php:92)
[stacktrace]
#0 C:\\Users\\CAMILO BORRERO\\Documents\\Proyectos\\proyectos_pruebas\\proyectoLaravel\\vendor\\laravel\\framework\\src\\Illuminate\\Routing\\RouteAction.php(47): Illuminate\\Routing\\RouteAction::makeInvokable()
#1 C:\\Users\\CAMILO BORRERO\\Documents\\Proyectos\\proyectos_pruebas\\proyectoLaravel\\vendor\\laravel\\framework\\src\\Illuminate\\Routing\\Route.php(183): Illuminate\\Routing\\RouteAction::parse()
#2 C:\\Users\\CAMILO BORRERO\\Documents\\Proyectos\\proyectos_pruebas\\proyectoLaravel\\vendor\\laravel\\framework\\src\\Illuminate\\Routing\\Route.php(164): Illuminate\\Routing\\Route->parseAction()
#3 C:\\Users\\CAMILO BORRERO\\Documents\\Proyectos\\proyectos_pruebas\\proyectoLaravel\\vendor\\laravel\\framework\\src\\Illuminate\\Routing\\Router.php(557): Illuminate\\Routing\\Route->__construct()
#4 C:\\Users\\CAMILO BORRERO\\Documents\\Proyectos\\proyectos_pruebas\\proyectoLaravel\\vendor\\laravel\\framework\\src\\Illuminate\\Routing\\Router.php(476): Illuminate\\Routing\\Router->newRoute()
#5 C:\\Users\\CAMILO BORRERO\\Documents\\Proyectos\\proyectos_pruebas\\proyectoLaravel\\vendor\\laravel\\framework\\src\\Illuminate\\Routing\\Router.php(455): Illuminate\\Routing\\Router->createRoute()
#6 C:\\Users\\CAMILO BORRERO\\Documents\\Proyectos\\proyectos_pruebas\\proyectoLaravel\\vendor\\laravel\\framework\\src\\Illuminate\\Routing\\Router.php(147): Illuminate\\Routing\\Router->addRoute()
#7 C:\\Users\\CAMILO BORRERO\\Documents\\Proyectos\\proyectos_pruebas\\proyectoLaravel\\vendor\\laravel\\framework\\src\\Illuminate\\Support\\Facades\\Facade.php(261): Illuminate\\Routing\\Router->get()
#8 C:\\Users\\CAMILO BORRERO\\Documents\\Proyectos\\proyectos_pruebas\\proyectoLaravel\outes\\web.php(17): Illuminate\\Support\\Facades\\Facade::__callStatic()
#9 C:\\Users\\CAMILO BORRERO\\Documents\\Proyectos\\proyectos_pruebas\\proyectoLaravel\\vendor\\laravel\\framework\\src\\Illuminate\\Routing\\RouteFileRegistrar.php(35): require('C:\\\\Users\\\\CAMILO...')
#10 C:\\Users\\CAMILO BORRERO\\Documents\\Proyectos\\proyectos_pruebas\\proyectoLaravel\\vendor\\laravel\\framework\\src\\Illuminate\\Routing\\Router.php(425): Illuminate\\Routing\\RouteFileRegistrar->register()
#11 C:\\Users\\CAMILO BORRERO\\Documents\\Proyectos\\proyectos_pruebas\\proyectoLaravel\\vendor\\laravel\\framework\\src\\Illuminate\\Routing\\Router.php(382): Illuminate\\Routing\\Router->loadRoutes()
#12 C:\\Users\\CAMILO BORRERO\\Documents\\Proyectos\\proyectos_pruebas\\proyectoLaravel\\vendor\\laravel\\framework\\src\\Illuminate\\Routing\\RouteRegistrar.php(135): Illuminate\\Routing\\Router->group()
#13 C:\\Users\\CAMILO BORRERO\\Documents\\Proyectos\\proyectos_pruebas\\proyectoLaravel\\app\\Providers\\RouteServiceProvider.php(48): Illuminate\\Routing\\RouteRegistrar->group()
#14 C:\\Users\\CAMILO BORRERO\\Documents\\Proyectos\\proyectos_pruebas\\proyectoLaravel\\vendor\\laravel\\framework\\src\\Illuminate\\Container\\BoundMethod.php(36): App\\Providers\\RouteServiceProvider->App\\Providers\\{closure}()
#15 C:\\Users\\CAMILO BORRERO\\Documents\\Proyectos\\proyectos_pruebas\\proyectoLaravel\\vendor\\laravel\\framework\\src\\Illuminate\\Container\\Util.php(40): Illuminate\\Container\\BoundMethod::Illuminate\\Container\\{closure}()
#16 C:\\Users\\CAMILO BORRERO\\Documents\\Proyectos\\proyectos_pruebas\\proyectoLaravel\\vendor\\laravel\\framework\\src\\Illuminate\\Container\\BoundMethod.php(81): Illuminate\\Container\\Util::unwrapIfClosure()
#17 C:\\Users\\CAMILO BORRERO\\Documents\\Proyectos\\proyectos_pruebas\\proyectoLaravel\\vendor\\laravel\\framework\\src\\Illuminate\\Container\\BoundMethod.php(37): Illuminate\\Container\\BoundMethod::callBoundMethod()
#18 C:\\Users\\CAMILO BORRERO\\Documents\\Proyectos\\proyectos_pruebas\\proyectoLaravel\\vendor\\laravel\\framework\\src\\Illuminate\\Container\\Container.php(610): Illuminate\\Container\\BoundMethod::call()
#19 C:\\Users\\CAMILO BORRERO\\Documents\\Proyectos\\proyectos_pruebas\\proyectoLaravel\\vendor\\laravel\\framework\\src\\Illuminate\\Foundation\\Support\\Providers\\RouteServiceProvider.php(120): Illuminate\\Container\\Container->call()
#20 C:\\Users\\CAMILO BORRERO\\Documents\\Proyectos\\proyectos_pruebas\\proyectoLaravel\\vendor\\laravel\\framework\\src\\Illuminate\\Foundation\\Support\\Providers\\RouteServiceProvider.php(45): Illuminate\\Foundation\\Support\\Providers\\RouteServiceProvider->loadRoutes()
#21 C:\\Users\\CAMILO BORRERO\\Documents\\Proyectos\\proyectos_pruebas\\proyectoLaravel\\vendor\\laravel\\framework\\src\\Illuminate\\Container\\BoundMethod.php(36): Illuminate\\Foundation\\Support\\Providers\\RouteServiceProvider->Illuminate\\Foundation\\Support\\Providers\\{closure}()
#22 C:\\Users\\CAMILO BORRERO\\Documents\\Proyectos\\proyectos_pruebas\\proyectoLaravel\\vendor\\laravel\\framework\\src\\Illuminate\\Container\\Util.php(40): Illuminate\\Container\\BoundMethod::Illuminate\\Container\\{closure}()
#23 C:\\Users\\CAMILO BORRERO\\Documents\\Proyectos\\proyectos_pruebas\\proyectoLaravel\\vendor\\laravel\\framework\\src\\Illuminate\\Container\\BoundMethod.php(81): Illuminate\\Container\\Util::unwrapIfClosure()
#24 C:\\Users\\CAMILO BORRERO\\Documents\\Proyectos\\proyectos_pruebas\\proyectoLaravel\\vendor\\laravel\\framework\\src\\Illuminate\\Container\\BoundMethod.php(37): Illuminate\\Container\\BoundMethod::callBoundMethod()
#25 C:\\Users\\CAMILO BORRERO\\Documents\\Proyectos\\proyectos_pruebas\\proyectoLaravel\\vendor\\laravel\\framework\\src\\Illuminate\\Container\\Container.php(610): Illuminate\\Container\\BoundMethod::call()
#26 C:\\Users\\CAMILO BORRERO\\Documents\\Proyectos\\proyectos_pruebas\\proyectoLaravel\\vendor\\laravel\\framework\\src\\Illuminate\\Support\\ServiceProvider.php(113): Illuminate\\Container\\Container->call()
#27 C:\\Users\\CAMILO BORRERO\\Documents\\Proyectos\\proyectos_pruebas\\proyectoLaravel\\vendor\\laravel\\framework\\src\\Illuminate\\Foundation\\Application.php(902): Illuminate\\Support\\ServiceProvider->callBootedCallbacks()
#28 C:\\Users\\CAMILO BORRERO\\Documents\\Proyectos\\proyectos_pruebas\\proyectoLaravel\\vendor\\laravel\\framework\\src\\Illuminate\\Foundation\\Application.php(880): Illuminate\\Foundation\\Application->bootProvider()
#29 [internal function]: Illuminate\\Foundation\\Application->Illuminate\\Foundation\\{closure}()
#30 C:\\Users\\CAMILO BORRERO\\Documents\\Proyectos\\proyectos_pruebas\\proyectoLaravel\\vendor\\laravel\\framework\\src\\Illuminate\\Foundation\\Application.php(881): array_walk()
#31 C:\\Users\\CAMILO BORRERO\\Documents\\Proyectos\\proyectos_pruebas\\proyectoLaravel\\vendor\\laravel\\framework\\src\\Illuminate\\Foundation\\Bootstrap\\BootProviders.php(17): Illuminate\\Foundation\\Application->boot()
#32 C:\\Users\\CAMILO BORRERO\\Documents\\Proyectos\\proyectos_pruebas\\proyectoLaravel\\vendor\\laravel\\framework\\src\\Illuminate\\Foundation\\Application.php(237): Illuminate\\Foundation\\Bootstrap\\BootProviders->bootstrap()
#33 C:\\Users\\CAMILO BORRERO\\Documents\\Proyectos\\proyectos_pruebas\\proyectoLaravel\\vendor\\laravel\\framework\\src\\Illuminate\\Foundation\\Console\\Kernel.php(310): Illuminate\\Foundation\\Application->bootstrapWith()
#34 C:\\Users\\CAMILO BORRERO\\Documents\\Proyectos\\proyectos_pruebas\\proyectoLaravel\\vendor\\laravel\\framework\\src\\Illuminate\\Foundation\\Console\\Kernel.php(127): Illuminate\\Foundation\\Console\\Kernel->bootstrap()
#35 C:\\Users\\CAMILO BORRERO\\Documents\\Proyectos\\proyectos_pruebas\\proyectoLaravel\\artisan(37): Illuminate\\Foundation\\Console\\Kernel->handle()
#36 {main}
"} 
[2021-02-04 04:01:41] local.ERROR: Invalid route action: [App\Http\Controller\HomeController]. {"exception":"[object] (UnexpectedValueException(code: 0): Invalid route action: [App\\Http\\Controller\\HomeController]. at C:\\Users\\CAMILO BORRERO\\Documents\\Proyectos\\proyectos_pruebas\\proyectoLaravel\\vendor\\laravel\\framework\\src\\Illuminate\\Routing\\RouteAction.php:92)
[stacktrace]
#0 C:\\Users\\CAMILO BORRERO\\Documents\\Proyectos\\proyectos_pruebas\\proyectoLaravel\\vendor\\laravel\\framework\\src\\Illuminate\\Routing\\RouteAction.php(47): Illuminate\\Routing\\RouteAction::makeInvokable()
#1 C:\\Users\\CAMILO BORRERO\\Documents\\Proyectos\\proyectos_pruebas\\proyectoLaravel\\vendor\\laravel\\framework\\src\\Illuminate\\Routing\\Route.php(183): Illuminate\\Routing\\RouteAction::parse()
#2 C:\\Users\\CAMILO BORRERO\\Documents\\Proyectos\\proyectos_pruebas\\proyectoLaravel\\vendor\\laravel\\framework\\src\\Illuminate\\Routing\\Route.php(164): Illuminate\\Routing\\Route->parseAction()
#3 C:\\Users\\CAMILO BORRERO\\Documents\\Proyectos\\proyectos_pruebas\\proyectoLaravel\\vendor\\laravel\\framework\\src\\Illuminate\\Routing\\Router.php(557): Illuminate\\Routing\\Route->__construct()
#4 C:\\Users\\CAMILO BORRERO\\Documents\\Proyectos\\proyectos_pruebas\\proyectoLaravel\\vendor\\laravel\\framework\\src\\Illuminate\\Routing\\Router.php(476): Illuminate\\Routing\\Router->newRoute()
#5 C:\\Users\\CAMILO BORRERO\\Documents\\Proyectos\\proyectos_pruebas\\proyectoLaravel\\vendor\\laravel\\framework\\src\\Illuminate\\Routing\\Router.php(455): Illuminate\\Routing\\Router->createRoute()
#6 C:\\Users\\CAMILO BORRERO\\Documents\\Proyectos\\proyectos_pruebas\\proyectoLaravel\\vendor\\laravel\\framework\\src\\Illuminate\\Routing\\Router.php(147): Illuminate\\Routing\\Router->addRoute()
#7 C:\\Users\\CAMILO BORRERO\\Documents\\Proyectos\\proyectos_pruebas\\proyectoLaravel\\vendor\\laravel\\framework\\src\\Illuminate\\Support\\Facades\\Facade.php(261): Illuminate\\Routing\\Router->get()
#8 C:\\Users\\CAMILO BORRERO\\Documents\\Proyectos\\proyectos_pruebas\\proyectoLaravel\outes\\web.php(17): Illuminate\\Support\\Facades\\Facade::__callStatic()
#9 C:\\Users\\CAMILO BORRERO\\Documents\\Proyectos\\proyectos_pruebas\\proyectoLaravel\\vendor\\laravel\\framework\\src\\Illuminate\\Routing\\RouteFileRegistrar.php(35): require('C:\\\\Users\\\\CAMILO...')
#10 C:\\Users\\CAMILO BORRERO\\Documents\\Proyectos\\proyectos_pruebas\\proyectoLaravel\\vendor\\laravel\\framework\\src\\Illuminate\\Routing\\Router.php(425): Illuminate\\Routing\\RouteFileRegistrar->register()
#11 C:\\Users\\CAMILO BORRERO\\Documents\\Proyectos\\proyectos_pruebas\\proyectoLaravel\\vendor\\laravel\\framework\\src\\Illuminate\\Routing\\Router.php(382): Illuminate\\Routing\\Router->loadRoutes()
#12 C:\\Users\\CAMILO BORRERO\\Documents\\Proyectos\\proyectos_pruebas\\proyectoLaravel\\vendor\\laravel\\framework\\src\\Illuminate\\Routing\\RouteRegistrar.php(135): Illuminate\\Routing\\Router->group()
#13 C:\\Users\\CAMILO BORRERO\\Documents\\Proyectos\\proyectos_pruebas\\proyectoLaravel\\app\\Providers\\RouteServiceProvider.php(48): Illuminate\\Routing\\RouteRegistrar->group()
#14 C:\\Users\\CAMILO BORRERO\\Documents\\Proyectos\\proyectos_pruebas\\proyectoLaravel\\vendor\\laravel\\framework\\src\\Illuminate\\Container\\BoundMethod.php(36): App\\Providers\\RouteServiceProvider->App\\Providers\\{closure}()
#15 C:\\Users\\CAMILO BORRERO\\Documents\\Proyectos\\proyectos_pruebas\\proyectoLaravel\\vendor\\laravel\\framework\\src\\Illuminate\\Container\\Util.php(40): Illuminate\\Container\\BoundMethod::Illuminate\\Container\\{closure}()
#16 C:\\Users\\CAMILO BORRERO\\Documents\\Proyectos\\proyectos_pruebas\\proyectoLaravel\\vendor\\laravel\\framework\\src\\Illuminate\\Container\\BoundMethod.php(81): Illuminate\\Container\\Util::unwrapIfClosure()
#17 C:\\Users\\CAMILO BORRERO\\Documents\\Proyectos\\proyectos_pruebas\\proyectoLaravel\\vendor\\laravel\\framework\\src\\Illuminate\\Container\\BoundMethod.php(37): Illuminate\\Container\\BoundMethod::callBoundMethod()
#18 C:\\Users\\CAMILO BORRERO\\Documents\\Proyectos\\proyectos_pruebas\\proyectoLaravel\\vendor\\laravel\\framework\\src\\Illuminate\\Container\\Container.php(610): Illuminate\\Container\\BoundMethod::call()
#19 C:\\Users\\CAMILO BORRERO\\Documents\\Proyectos\\proyectos_pruebas\\proyectoLaravel\\vendor\\laravel\\framework\\src\\Illuminate\\Foundation\\Support\\Providers\\RouteServiceProvider.php(120): Illuminate\\Container\\Container->call()
#20 C:\\Users\\CAMILO BORRERO\\Documents\\Proyectos\\proyectos_pruebas\\proyectoLaravel\\vendor\\laravel\\framework\\src\\Illuminate\\Foundation\\Support\\Providers\\RouteServiceProvider.php(45): Illuminate\\Foundation\\Support\\Providers\\RouteServiceProvider->loadRoutes()
#21 C:\\Users\\CAMILO BORRERO\\Documents\\Proyectos\\proyectos_pruebas\\proyectoLaravel\\vendor\\laravel\\framework\\src\\Illuminate\\Container\\BoundMethod.php(36): Illuminate\\Foundation\\Support\\Providers\\RouteServiceProvider->Illuminate\\Foundation\\Support\\Providers\\{closure}()
#22 C:\\Users\\CAMILO BORRERO\\Documents\\Proyectos\\proyectos_pruebas\\proyectoLaravel\\vendor\\laravel\\framework\\src\\Illuminate\\Container\\Util.php(40): Illuminate\\Container\\BoundMethod::Illuminate\\Container\\{closure}()
#23 C:\\Users\\CAMILO BORRERO\\Documents\\Proyectos\\proyectos_pruebas\\proyectoLaravel\\vendor\\laravel\\framework\\src\\Illuminate\\Container\\BoundMethod.php(81): Illuminate\\Container\\Util::unwrapIfClosure()
#24 C:\\Users\\CAMILO BORRERO\\Documents\\Proyectos\\proyectos_pruebas\\proyectoLaravel\\vendor\\laravel\\framework\\src\\Illuminate\\Container\\BoundMethod.php(37): Illuminate\\Container\\BoundMethod::callBoundMethod()
#25 C:\\Users\\CAMILO BORRERO\\Documents\\Proyectos\\proyectos_pruebas\\proyectoLaravel\\vendor\\laravel\\framework\\src\\Illuminate\\Container\\Container.php(610): Illuminate\\Container\\BoundMethod::call()
#26 C:\\Users\\CAMILO BORRERO\\Documents\\Proyectos\\proyectos_pruebas\\proyectoLaravel\\vendor\\laravel\\framework\\src\\Illuminate\\Support\\ServiceProvider.php(113): Illuminate\\Container\\Container->call()
#27 C:\\Users\\CAMILO BORRERO\\Documents\\Proyectos\\proyectos_pruebas\\proyectoLaravel\\vendor\\laravel\\framework\\src\\Illuminate\\Foundation\\Application.php(902): Illuminate\\Support\\ServiceProvider->callBootedCallbacks()
#28 C:\\Users\\CAMILO BORRERO\\Documents\\Proyectos\\proyectos_pruebas\\proyectoLaravel\\vendor\\laravel\\framework\\src\\Illuminate\\Foundation\\Application.php(880): Illuminate\\Foundation\\Application->bootProvider()
#29 [internal function]: Illuminate\\Foundation\\Application->Illuminate\\Foundation\\{closure}()
#30 C:\\Users\\CAMILO BORRERO\\Documents\\Proyectos\\proyectos_pruebas\\proyectoLaravel\\vendor\\laravel\\framework\\src\\Illuminate\\Foundation\\Application.php(881): array_walk()
#31 C:\\Users\\CAMILO BORRERO\\Documents\\Proyectos\\proyectos_pruebas\\proyectoLaravel\\vendor\\laravel\\framework\\src\\Illuminate\\Foundation\\Bootstrap\\BootProviders.php(17): Illuminate\\Foundation\\Application->boot()
#32 C:\\Users\\CAMILO BORRERO\\Documents\\Proyectos\\proyectos_pruebas\\proyectoLaravel\\vendor\\laravel\\framework\\src\\Illuminate\\Foundation\\Application.php(237): Illuminate\\Foundation\\Bootstrap\\BootProviders->bootstrap()
#33 C:\\Users\\CAMILO BORRERO\\Documents\\Proyectos\\proyectos_pruebas\\proyectoLaravel\\vendor\\laravel\\framework\\src\\Illuminate\\Foundation\\Console\\Kernel.php(310): Illuminate\\Foundation\\Application->bootstrapWith()
#34 C:\\Users\\CAMILO BORRERO\\Documents\\Proyectos\\proyectos_pruebas\\proyectoLaravel\\vendor\\laravel\\framework\\src\\Illuminate\\Foundation\\Console\\Kernel.php(127): Illuminate\\Foundation\\Console\\Kernel->bootstrap()
#35 C:\\Users\\CAMILO BORRERO\\Documents\\Proyectos\\proyectos_pruebas\\proyectoLaravel\\artisan(37): Illuminate\\Foundation\\Console\\Kernel->handle()
#36 {main}
"} 
[2021-02-04 04:01:50] local.ERROR: Invalid route action: [App\Http\Controller\HomeController]. {"exception":"[object] (UnexpectedValueException(code: 0): Invalid route action: [App\\Http\\Controller\\HomeController]. at C:\\Users\\CAMILO BORRERO\\Documents\\Proyectos\\proyectos_pruebas\\proyectoLaravel\\vendor\\laravel\\framework\\src\\Illuminate\\Routing\\RouteAction.php:92)
[stacktrace]
#0 C:\\Users\\CAMILO BORRERO\\Documents\\Proyectos\\proyectos_pruebas\\proyectoLaravel\\vendor\\laravel\\framework\\src\\Illuminate\\Routing\\RouteAction.php(47): Illuminate\\Routing\\RouteAction::makeInvokable()
#1 C:\\Users\\CAMILO BORRERO\\Documents\\Proyectos\\proyectos_pruebas\\proyectoLaravel\\vendor\\laravel\\framework\\src\\Illuminate\\Routing\\Route.php(183): Illuminate\\Routing\\RouteAction::parse()
#2 C:\\Users\\CAMILO BORRERO\\Documents\\Proyectos\\proyectos_pruebas\\proyectoLaravel\\vendor\\laravel\\framework\\src\\Illuminate\\Routing\\Route.php(164): Illuminate\\Routing\\Route->parseAction()
#3 C:\\Users\\CAMILO BORRERO\\Documents\\Proyectos\\proyectos_pruebas\\proyectoLaravel\\vendor\\laravel\\framework\\src\\Illuminate\\Routing\\Router.php(557): Illuminate\\Routing\\Route->__construct()
#4 C:\\Users\\CAMILO BORRERO\\Documents\\Proyectos\\proyectos_pruebas\\proyectoLaravel\\vendor\\laravel\\framework\\src\\Illuminate\\Routing\\Router.php(476): Illuminate\\Routing\\Router->newRoute()
#5 C:\\Users\\CAMILO BORRERO\\Documents\\Proyectos\\proyectos_pruebas\\proyectoLaravel\\vendor\\laravel\\framework\\src\\Illuminate\\Routing\\Router.php(455): Illuminate\\Routing\\Router->createRoute()
#6 C:\\Users\\CAMILO BORRERO\\Documents\\Proyectos\\proyectos_pruebas\\proyectoLaravel\\vendor\\laravel\\framework\\src\\Illuminate\\Routing\\Router.php(147): Illuminate\\Routing\\Router->addRoute()
#7 C:\\Users\\CAMILO BORRERO\\Documents\\Proyectos\\proyectos_pruebas\\proyectoLaravel\\vendor\\laravel\\framework\\src\\Illuminate\\Support\\Facades\\Facade.php(261): Illuminate\\Routing\\Router->get()
#8 C:\\Users\\CAMILO BORRERO\\Documents\\Proyectos\\proyectos_pruebas\\proyectoLaravel\outes\\web.php(17): Illuminate\\Support\\Facades\\Facade::__callStatic()
#9 C:\\Users\\CAMILO BORRERO\\Documents\\Proyectos\\proyectos_pruebas\\proyectoLaravel\\vendor\\laravel\\framework\\src\\Illuminate\\Routing\\RouteFileRegistrar.php(35): require('C:\\\\Users\\\\CAMILO...')
#10 C:\\Users\\CAMILO BORRERO\\Documents\\Proyectos\\proyectos_pruebas\\proyectoLaravel\\vendor\\laravel\\framework\\src\\Illuminate\\Routing\\Router.php(425): Illuminate\\Routing\\RouteFileRegistrar->register()
#11 C:\\Users\\CAMILO BORRERO\\Documents\\Proyectos\\proyectos_pruebas\\proyectoLaravel\\vendor\\laravel\\framework\\src\\Illuminate\\Routing\\Router.php(382): Illuminate\\Routing\\Router->loadRoutes()
#12 C:\\Users\\CAMILO BORRERO\\Documents\\Proyectos\\proyectos_pruebas\\proyectoLaravel\\vendor\\laravel\\framework\\src\\Illuminate\\Routing\\RouteRegistrar.php(135): Illuminate\\Routing\\Router->group()
#13 C:\\Users\\CAMILO BORRERO\\Documents\\Proyectos\\proyectos_pruebas\\proyectoLaravel\\app\\Providers\\RouteServiceProvider.php(48): Illuminate\\Routing\\RouteRegistrar->group()
#14 C:\\Users\\CAMILO BORRERO\\Documents\\Proyectos\\proyectos_pruebas\\proyectoLaravel\\vendor\\laravel\\framework\\src\\Illuminate\\Container\\BoundMethod.php(36): App\\Providers\\RouteServiceProvider->App\\Providers\\{closure}()
#15 C:\\Users\\CAMILO BORRERO\\Documents\\Proyectos\\proyectos_pruebas\\proyectoLaravel\\vendor\\laravel\\framework\\src\\Illuminate\\Container\\Util.php(40): Illuminate\\Container\\BoundMethod::Illuminate\\Container\\{closure}()
#16 C:\\Users\\CAMILO BORRERO\\Documents\\Proyectos\\proyectos_pruebas\\proyectoLaravel\\vendor\\laravel\\framework\\src\\Illuminate\\Container\\BoundMethod.php(81): Illuminate\\Container\\Util::unwrapIfClosure()
#17 C:\\Users\\CAMILO BORRERO\\Documents\\Proyectos\\proyectos_pruebas\\proyectoLaravel\\vendor\\laravel\\framework\\src\\Illuminate\\Container\\BoundMethod.php(37): Illuminate\\Container\\BoundMethod::callBoundMethod()
#18 C:\\Users\\CAMILO BORRERO\\Documents\\Proyectos\\proyectos_pruebas\\proyectoLaravel\\vendor\\laravel\\framework\\src\\Illuminate\\Container\\Container.php(610): Illuminate\\Container\\BoundMethod::call()
#19 C:\\Users\\CAMILO BORRERO\\Documents\\Proyectos\\proyectos_pruebas\\proyectoLaravel\\vendor\\laravel\\framework\\src\\Illuminate\\Foundation\\Support\\Providers\\RouteServiceProvider.php(120): Illuminate\\Container\\Container->call()
#20 C:\\Users\\CAMILO BORRERO\\Documents\\Proyectos\\proyectos_pruebas\\proyectoLaravel\\vendor\\laravel\\framework\\src\\Illuminate\\Foundation\\Support\\Providers\\RouteServiceProvider.php(45): Illuminate\\Foundation\\Support\\Providers\\RouteServiceProvider->loadRoutes()
#21 C:\\Users\\CAMILO BORRERO\\Documents\\Proyectos\\proyectos_pruebas\\proyectoLaravel\\vendor\\laravel\\framework\\src\\Illuminate\\Container\\BoundMethod.php(36): Illuminate\\Foundation\\Support\\Providers\\RouteServiceProvider->Illuminate\\Foundation\\Support\\Providers\\{closure}()
#22 C:\\Users\\CAMILO BORRERO\\Documents\\Proyectos\\proyectos_pruebas\\proyectoLaravel\\vendor\\laravel\\framework\\src\\Illuminate\\Container\\Util.php(40): Illuminate\\Container\\BoundMethod::Illuminate\\Container\\{closure}()
#23 C:\\Users\\CAMILO BORRERO\\Documents\\Proyectos\\proyectos_pruebas\\proyectoLaravel\\vendor\\laravel\\framework\\src\\Illuminate\\Container\\BoundMethod.php(81): Illuminate\\Container\\Util::unwrapIfClosure()
#24 C:\\Users\\CAMILO BORRERO\\Documents\\Proyectos\\proyectos_pruebas\\proyectoLaravel\\vendor\\laravel\\framework\\src\\Illuminate\\Container\\BoundMethod.php(37): Illuminate\\Container\\BoundMethod::callBoundMethod()
#25 C:\\Users\\CAMILO BORRERO\\Documents\\Proyectos\\proyectos_pruebas\\proyectoLaravel\\vendor\\laravel\\framework\\src\\Illuminate\\Container\\Container.php(610): Illuminate\\Container\\BoundMethod::call()
#26 C:\\Users\\CAMILO BORRERO\\Documents\\Proyectos\\proyectos_pruebas\\proyectoLaravel\\vendor\\laravel\\framework\\src\\Illuminate\\Support\\ServiceProvider.php(113): Illuminate\\Container\\Container->call()
#27 C:\\Users\\CAMILO BORRERO\\Documents\\Proyectos\\proyectos_pruebas\\proyectoLaravel\\vendor\\laravel\\framework\\src\\Illuminate\\Foundation\\Application.php(902): Illuminate\\Support\\ServiceProvider->callBootedCallbacks()
#28 C:\\Users\\CAMILO BORRERO\\Documents\\Proyectos\\proyectos_pruebas\\proyectoLaravel\\vendor\\laravel\\framework\\src\\Illuminate\\Foundation\\Application.php(880): Illuminate\\Foundation\\Application->bootProvider()
#29 [internal function]: Illuminate\\Foundation\\Application->Illuminate\\Foundation\\{closure}()
#30 C:\\Users\\CAMILO BORRERO\\Documents\\Proyectos\\proyectos_pruebas\\proyectoLaravel\\vendor\\laravel\\framework\\src\\Illuminate\\Foundation\\Application.php(881): array_walk()
#31 C:\\Users\\CAMILO BORRERO\\Documents\\Proyectos\\proyectos_pruebas\\proyectoLaravel\\vendor\\laravel\\framework\\src\\Illuminate\\Foundation\\Bootstrap\\BootProviders.php(17): Illuminate\\Foundation\\Application->boot()
#32 C:\\Users\\CAMILO BORRERO\\Documents\\Proyectos\\proyectos_pruebas\\proyectoLaravel\\vendor\\laravel\\framework\\src\\Illuminate\\Foundation\\Application.php(237): Illuminate\\Foundation\\Bootstrap\\BootProviders->bootstrap()
#33 C:\\Users\\CAMILO BORRERO\\Documents\\Proyectos\\proyectos_pruebas\\proyectoLaravel\\vendor\\laravel\\framework\\src\\Illuminate\\Foundation\\Console\\Kernel.php(310): Illuminate\\Foundation\\Application->bootstrapWith()
#34 C:\\Users\\CAMILO BORRERO\\Documents\\Proyectos\\proyectos_pruebas\\proyectoLaravel\\vendor\\laravel\\framework\\src\\Illuminate\\Foundation\\Console\\Kernel.php(127): Illuminate\\Foundation\\Console\\Kernel->bootstrap()
#35 C:\\Users\\CAMILO BORRERO\\Documents\\Proyectos\\proyectos_pruebas\\proyectoLaravel\\artisan(37): Illuminate\\Foundation\\Console\\Kernel->handle()
#36 {main}
"} 
